<?xml version="1.0" encoding="UTF-8"?>
<testsuite xmlns:xsi="http://www.w3.org/2001/XMLSchema-instance" xsi:noNamespaceSchemaLocation="https://maven.apache.org/surefire/maven-surefire-plugin/xsd/surefire-test-report.xsd" version="3.0.2" name="com.yizhaoqi.smartpai.service.UploadServicePerformanceTest" time="82.74" tests="1" errors="0" skipped="0" failures="0">
  <properties>
[...]
</properties>
  <testcase name="testPerformanceComparison" classname="com.yizhaoqi.smartpai.service.UploadServicePerformanceTest" time="0.018">
    <system-out><![CDATA[2026-04-20 17:21:20.078 [main] INFO  o.s.b.t.context.SpringBootTestContextBootstrapper - Found @SpringBootConfiguration com.yizhaoqi.smartpai.SmartPaiApplication for test class com.yizhaoqi.smartpai.service.UploadServicePerformanceTest
2026-04-20 17:21:20.185 [org.springframework.kafka.KafkaListenerEndpointContainer#0-0-C-1] WARN  org.apache.kafka.clients.NetworkClient - [Consumer clientId=consumer-file-processing-group-1, groupId=file-processing-group] Connection to node -1 (localhost/127.0.0.1:9092) could not be established. Node may not be available.
2026-04-20 17:21:20.186 [org.springframework.kafka.KafkaListenerEndpointContainer#0-0-C-1] WARN  org.apache.kafka.clients.NetworkClient - [Consumer clientId=consumer-file-processing-group-1, groupId=file-processing-group] Bootstrap broker localhost:9092 (id: -1 rack: null) disconnected

  .   ____          _            __ _ _
 /\\ / ___'_ __ _ _(_)_ __  __ _ \ \ \ \
( ( )\___ | '_ | '_| | '_ \/ _` | \ \ \ \
 \\/  ___)| |_)| | | | | || (_| |  ) ) ) )
  '  |____| .__|_| |_|_| |_\__, | / / / /
 =========|_|==============|___/=/_/_/_/

 :: Spring Boot ::                (v3.4.2)

2026-04-20 17:21:20.378 [main] INFO  c.y.smartpai.service.UploadServicePerformanceTest - Starting UploadServicePerformanceTest using Java 17.0.18 with PID 259 (started by root in /build)
2026-04-20 17:21:20.380 [main] INFO  c.y.smartpai.service.UploadServicePerformanceTest - The following 1 profile is active: "test"
2026-04-20 17:21:21.186 [org.springframework.kafka.KafkaListenerEndpointContainer#0-0-C-1] WARN  org.apache.kafka.clients.NetworkClient - [Consumer clientId=consumer-file-processing-group-1, groupId=file-processing-group] Connection to node -1 (localhost/127.0.0.1:9092) could not be established. Node may not be available.
2026-04-20 17:21:21.187 [org.springframework.kafka.KafkaListenerEndpointContainer#0-0-C-1] WARN  org.apache.kafka.clients.NetworkClient - [Consumer clientId=consumer-file-processing-group-1, groupId=file-processing-group] Bootstrap broker localhost:9092 (id: -1 rack: null) disconnected
2026-04-20 17:21:22.195 [org.springframework.kafka.KafkaListenerEndpointContainer#0-0-C-1] WARN  org.apache.kafka.clients.NetworkClient - [Consumer clientId=consumer-file-processing-group-1, groupId=file-processing-group] Connection to node -1 (localhost/127.0.0.1:9092) could not be established. Node may not be available.
2026-04-20 17:21:22.196 [org.springframework.kafka.KafkaListenerEndpointContainer#0-0-C-1] WARN  org.apache.kafka.clients.NetworkClient - [Consumer clientId=consumer-file-processing-group-1, groupId=file-processing-group] Bootstrap broker localhost:9092 (id: -1 rack: null) disconnected
2026-04-20 17:21:23.196 [org.springframework.kafka.KafkaListenerEndpointContainer#0-0-C-1] WARN  org.apache.kafka.clients.NetworkClient - [Consumer clientId=consumer-file-processing-group-1, groupId=file-processing-group] Connection to node -1 (localhost/127.0.0.1:9092) could not be established. Node may not be available.
2026-04-20 17:21:23.197 [org.springframework.kafka.KafkaListenerEndpointContainer#0-0-C-1] WARN  org.apache.kafka.clients.NetworkClient - [Consumer clientId=consumer-file-processing-group-1, groupId=file-processing-group] Bootstrap broker localhost:9092 (id: -1 rack: null) disconnected
2026-04-20 17:21:24.155 [org.springframework.kafka.KafkaListenerEndpointContainer#0-0-C-1] WARN  org.apache.kafka.clients.NetworkClient - [Consumer clientId=consumer-file-processing-group-1, groupId=file-processing-group] Connection to node -1 (localhost/127.0.0.1:9092) could not be established. Node may not be available.
2026-04-20 17:21:24.156 [org.springframework.kafka.KafkaListenerEndpointContainer#0-0-C-1] WARN  org.apache.kafka.clients.NetworkClient - [Consumer clientId=consumer-file-processing-group-1, groupId=file-processing-group] Bootstrap broker localhost:9092 (id: -1 rack: null) disconnected
2026-04-20 17:21:25.115 [org.springframework.kafka.KafkaListenerEndpointContainer#0-0-C-1] WARN  org.apache.kafka.clients.NetworkClient - [Consumer clientId=consumer-file-processing-group-1, groupId=file-processing-group] Connection to node -1 (localhost/127.0.0.1:9092) could not be established. Node may not be available.
2026-04-20 17:21:25.116 [org.springframework.kafka.KafkaListenerEndpointContainer#0-0-C-1] WARN  org.apache.kafka.clients.NetworkClient - [Consumer clientId=consumer-file-processing-group-1, groupId=file-processing-group] Bootstrap broker localhost:9092 (id: -1 rack: null) disconnected
2026-04-20 17:21:26.012 [org.springframework.kafka.KafkaListenerEndpointContainer#0-0-C-1] WARN  org.apache.kafka.clients.NetworkClient - [Consumer clientId=consumer-file-processing-group-1, groupId=file-processing-group] Connection to node -1 (localhost/127.0.0.1:9092) could not be established. Node may not be available.
2026-04-20 17:21:26.015 [org.springframework.kafka.KafkaListenerEndpointContainer#0-0-C-1] WARN  org.apache.kafka.clients.NetworkClient - [Consumer clientId=consumer-file-processing-group-1, groupId=file-processing-group] Bootstrap broker localhost:9092 (id: -1 rack: null) disconnected
2026-04-20 17:21:27.014 [org.springframework.kafka.KafkaListenerEndpointContainer#0-0-C-1] WARN  org.apache.kafka.clients.NetworkClient - [Consumer clientId=consumer-file-processing-group-1, groupId=file-processing-group] Connection to node -1 (localhost/127.0.0.1:9092) could not be established. Node may not be available.
2026-04-20 17:21:27.014 [org.springframework.kafka.KafkaListenerEndpointContainer#0-0-C-1] WARN  org.apache.kafka.clients.NetworkClient - [Consumer clientId=consumer-file-processing-group-1, groupId=file-processing-group] Bootstrap broker localhost:9092 (id: -1 rack: null) disconnected
2026-04-20 17:21:28.015 [org.springframework.kafka.KafkaListenerEndpointContainer#0-0-C-1] WARN  org.apache.kafka.clients.NetworkClient - [Consumer clientId=consumer-file-processing-group-1, groupId=file-processing-group] Connection to node -1 (localhost/127.0.0.1:9092) could not be established. Node may not be available.
2026-04-20 17:21:28.016 [org.springframework.kafka.KafkaListenerEndpointContainer#0-0-C-1] WARN  org.apache.kafka.clients.NetworkClient - [Consumer clientId=consumer-file-processing-group-1, groupId=file-processing-group] Bootstrap broker localhost:9092 (id: -1 rack: null) disconnected
2026-04-20 17:21:29.024 [org.springframework.kafka.KafkaListenerEndpointContainer#0-0-C-1] WARN  org.apache.kafka.clients.NetworkClient - [Consumer clientId=consumer-file-processing-group-1, groupId=file-processing-group] Connection to node -1 (localhost/127.0.0.1:9092) could not be established. Node may not be available.
2026-04-20 17:21:29.026 [org.springframework.kafka.KafkaListenerEndpointContainer#0-0-C-1] WARN  org.apache.kafka.clients.NetworkClient - [Consumer clientId=consumer-file-processing-group-1, groupId=file-processing-group] Bootstrap broker localhost:9092 (id: -1 rack: null) disconnected
2026-04-20 17:21:29.985 [org.springframework.kafka.KafkaListenerEndpointContainer#0-0-C-1] WARN  org.apache.kafka.clients.NetworkClient - [Consumer clientId=consumer-file-processing-group-1, groupId=file-processing-group] Connection to node -1 (localhost/127.0.0.1:9092) could not be established. Node may not be available.
2026-04-20 17:21:29.987 [org.springframework.kafka.KafkaListenerEndpointContainer#0-0-C-1] WARN  org.apache.kafka.clients.NetworkClient - [Consumer clientId=consumer-file-processing-group-1, groupId=file-processing-group] Bootstrap broker localhost:9092 (id: -1 rack: null) disconnected
2026-04-20 17:21:31.000 [org.springframework.kafka.KafkaListenerEndpointContainer#0-0-C-1] WARN  org.apache.kafka.clients.NetworkClient - [Consumer clientId=consumer-file-processing-group-1, groupId=file-processing-group] Connection to node -1 (localhost/127.0.0.1:9092) could not be established. Node may not be available.
2026-04-20 17:21:31.005 [org.springframework.kafka.KafkaListenerEndpointContainer#0-0-C-1] WARN  org.apache.kafka.clients.NetworkClient - [Consumer clientId=consumer-file-processing-group-1, groupId=file-processing-group] Bootstrap broker localhost:9092 (id: -1 rack: null) disconnected
2026-04-20 17:21:31.976 [org.springframework.kafka.KafkaListenerEndpointContainer#0-0-C-1] WARN  org.apache.kafka.clients.NetworkClient - [Consumer clientId=consumer-file-processing-group-1, groupId=file-processing-group] Connection to node -1 (localhost/127.0.0.1:9092) could not be established. Node may not be available.
2026-04-20 17:21:31.977 [org.springframework.kafka.KafkaListenerEndpointContainer#0-0-C-1] WARN  org.apache.kafka.clients.NetworkClient - [Consumer clientId=consumer-file-processing-group-1, groupId=file-processing-group] Bootstrap broker localhost:9092 (id: -1 rack: null) disconnected
2026-04-20 17:21:32.850 [org.springframework.kafka.KafkaListenerEndpointContainer#0-0-C-1] WARN  org.apache.kafka.clients.NetworkClient - [Consumer clientId=consumer-file-processing-group-1, groupId=file-processing-group] Connection to node -1 (localhost/127.0.0.1:9092) could not be established. Node may not be available.
2026-04-20 17:21:32.851 [org.springframework.kafka.KafkaListenerEndpointContainer#0-0-C-1] WARN  org.apache.kafka.clients.NetworkClient - [Consumer clientId=consumer-file-processing-group-1, groupId=file-processing-group] Bootstrap broker localhost:9092 (id: -1 rack: null) disconnected
2026-04-20 17:21:33.861 [org.springframework.kafka.KafkaListenerEndpointContainer#0-0-C-1] WARN  org.apache.kafka.clients.NetworkClient - [Consumer clientId=consumer-file-processing-group-1, groupId=file-processing-group] Connection to node -1 (localhost/127.0.0.1:9092) could not be established. Node may not be available.
2026-04-20 17:21:33.862 [org.springframework.kafka.KafkaListenerEndpointContainer#0-0-C-1] WARN  org.apache.kafka.clients.NetworkClient - [Consumer clientId=consumer-file-processing-group-1, groupId=file-processing-group] Bootstrap broker localhost:9092 (id: -1 rack: null) disconnected
2026-04-20 17:21:34.769 [org.springframework.kafka.KafkaListenerEndpointContainer#0-0-C-1] WARN  org.apache.kafka.clients.NetworkClient - [Consumer clientId=consumer-file-processing-group-1, groupId=file-processing-group] Connection to node -1 (localhost/127.0.0.1:9092) could not be established. Node may not be available.
2026-04-20 17:21:34.770 [org.springframework.kafka.KafkaListenerEndpointContainer#0-0-C-1] WARN  org.apache.kafka.clients.NetworkClient - [Consumer clientId=consumer-file-processing-group-1, groupId=file-processing-group] Bootstrap broker localhost:9092 (id: -1 rack: null) disconnected
2026-04-20 17:21:35.676 [org.springframework.kafka.KafkaListenerEndpointContainer#0-0-C-1] WARN  org.apache.kafka.clients.NetworkClient - [Consumer clientId=consumer-file-processing-group-1, groupId=file-processing-group] Connection to node -1 (localhost/127.0.0.1:9092) could not be established. Node may not be available.
2026-04-20 17:21:35.677 [org.springframework.kafka.KafkaListenerEndpointContainer#0-0-C-1] WARN  org.apache.kafka.clients.NetworkClient - [Consumer clientId=consumer-file-processing-group-1, groupId=file-processing-group] Bootstrap broker localhost:9092 (id: -1 rack: null) disconnected
2026-04-20 17:21:36.681 [org.springframework.kafka.KafkaListenerEndpointContainer#0-0-C-1] WARN  org.apache.kafka.clients.NetworkClient - [Consumer clientId=consumer-file-processing-group-1, groupId=file-processing-group] Connection to node -1 (localhost/127.0.0.1:9092) could not be established. Node may not be available.
2026-04-20 17:21:36.682 [org.springframework.kafka.KafkaListenerEndpointContainer#0-0-C-1] WARN  org.apache.kafka.clients.NetworkClient - [Consumer clientId=consumer-file-processing-group-1, groupId=file-processing-group] Bootstrap broker localhost:9092 (id: -1 rack: null) disconnected
2026-04-20 17:21:37.682 [org.springframework.kafka.KafkaListenerEndpointContainer#0-0-C-1] WARN  org.apache.kafka.clients.NetworkClient - [Consumer clientId=consumer-file-processing-group-1, groupId=file-processing-group] Connection to node -1 (localhost/127.0.0.1:9092) could not be established. Node may not be available.
2026-04-20 17:21:37.682 [org.springframework.kafka.KafkaListenerEndpointContainer#0-0-C-1] WARN  org.apache.kafka.clients.NetworkClient - [Consumer clientId=consumer-file-processing-group-1, groupId=file-processing-group] Bootstrap broker localhost:9092 (id: -1 rack: null) disconnected
2026-04-20 17:21:38.683 [org.springframework.kafka.KafkaListenerEndpointContainer#0-0-C-1] WARN  org.apache.kafka.clients.NetworkClient - [Consumer clientId=consumer-file-processing-group-1, groupId=file-processing-group] Connection to node -1 (localhost/127.0.0.1:9092) could not be established. Node may not be available.
2026-04-20 17:21:38.684 [org.springframework.kafka.KafkaListenerEndpointContainer#0-0-C-1] WARN  org.apache.kafka.clients.NetworkClient - [Consumer clientId=consumer-file-processing-group-1, groupId=file-processing-group] Bootstrap broker localhost:9092 (id: -1 rack: null) disconnected
2026-04-20 17:21:39.540 [org.springframework.kafka.KafkaListenerEndpointContainer#0-0-C-1] WARN  org.apache.kafka.clients.NetworkClient - [Consumer clientId=consumer-file-processing-group-1, groupId=file-processing-group] Connection to node -1 (localhost/127.0.0.1:9092) could not be established. Node may not be available.
2026-04-20 17:21:39.540 [org.springframework.kafka.KafkaListenerEndpointContainer#0-0-C-1] WARN  org.apache.kafka.clients.NetworkClient - [Consumer clientId=consumer-file-processing-group-1, groupId=file-processing-group] Bootstrap broker localhost:9092 (id: -1 rack: null) disconnected
2026-04-20 17:21:40.433 [org.springframework.kafka.KafkaListenerEndpointContainer#0-0-C-1] WARN  org.apache.kafka.clients.NetworkClient - [Consumer clientId=consumer-file-processing-group-1, groupId=file-processing-group] Connection to node -1 (localhost/127.0.0.1:9092) could not be established. Node may not be available.
2026-04-20 17:21:40.433 [org.springframework.kafka.KafkaListenerEndpointContainer#0-0-C-1] WARN  org.apache.kafka.clients.NetworkClient - [Consumer clientId=consumer-file-processing-group-1, groupId=file-processing-group] Bootstrap broker localhost:9092 (id: -1 rack: null) disconnected
2026-04-20 17:21:41.342 [org.springframework.kafka.KafkaListenerEndpointContainer#0-0-C-1] WARN  org.apache.kafka.clients.NetworkClient - [Consumer clientId=consumer-file-processing-group-1, groupId=file-processing-group] Connection to node -1 (localhost/127.0.0.1:9092) could not be established. Node may not be available.
2026-04-20 17:21:41.343 [org.springframework.kafka.KafkaListenerEndpointContainer#0-0-C-1] WARN  org.apache.kafka.clients.NetworkClient - [Consumer clientId=consumer-file-processing-group-1, groupId=file-processing-group] Bootstrap broker localhost:9092 (id: -1 rack: null) disconnected
2026-04-20 17:21:42.249 [org.springframework.kafka.KafkaListenerEndpointContainer#0-0-C-1] WARN  org.apache.kafka.clients.NetworkClient - [Consumer clientId=consumer-file-processing-group-1, groupId=file-processing-group] Connection to node -1 (localhost/127.0.0.1:9092) could not be established. Node may not be available.
2026-04-20 17:21:42.253 [org.springframework.kafka.KafkaListenerEndpointContainer#0-0-C-1] WARN  org.apache.kafka.clients.NetworkClient - [Consumer clientId=consumer-file-processing-group-1, groupId=file-processing-group] Bootstrap broker localhost:9092 (id: -1 rack: null) disconnected
2026-04-20 17:21:43.275 [org.springframework.kafka.KafkaListenerEndpointContainer#0-0-C-1] WARN  org.apache.kafka.clients.NetworkClient - [Consumer clientId=consumer-file-processing-group-1, groupId=file-processing-group] Connection to node -1 (localhost/127.0.0.1:9092) could not be established. Node may not be available.
2026-04-20 17:21:43.277 [org.springframework.kafka.KafkaListenerEndpointContainer#0-0-C-1] WARN  org.apache.kafka.clients.NetworkClient - [Consumer clientId=consumer-file-processing-group-1, groupId=file-processing-group] Bootstrap broker localhost:9092 (id: -1 rack: null) disconnected
2026-04-20 17:21:44.316 [org.springframework.kafka.KafkaListenerEndpointContainer#0-0-C-1] WARN  org.apache.kafka.clients.NetworkClient - [Consumer clientId=consumer-file-processing-group-1, groupId=file-processing-group] Connection to node -1 (localhost/127.0.0.1:9092) could not be established. Node may not be available.
2026-04-20 17:21:44.317 [org.springframework.kafka.KafkaListenerEndpointContainer#0-0-C-1] WARN  org.apache.kafka.clients.NetworkClient - [Consumer clientId=consumer-file-processing-group-1, groupId=file-processing-group] Bootstrap broker localhost:9092 (id: -1 rack: null) disconnected
2026-04-20 17:21:45.232 [org.springframework.kafka.KafkaListenerEndpointContainer#0-0-C-1] WARN  org.apache.kafka.clients.NetworkClient - [Consumer clientId=consumer-file-processing-group-1, groupId=file-processing-group] Connection to node -1 (localhost/127.0.0.1:9092) could not be established. Node may not be available.
2026-04-20 17:21:45.232 [org.springframework.kafka.KafkaListenerEndpointContainer#0-0-C-1] WARN  org.apache.kafka.clients.NetworkClient - [Consumer clientId=consumer-file-processing-group-1, groupId=file-processing-group] Bootstrap broker localhost:9092 (id: -1 rack: null) disconnected
2026-04-20 17:21:46.238 [org.springframework.kafka.KafkaListenerEndpointContainer#0-0-C-1] WARN  org.apache.kafka.clients.NetworkClient - [Consumer clientId=consumer-file-processing-group-1, groupId=file-processing-group] Connection to node -1 (localhost/127.0.0.1:9092) could not be established. Node may not be available.
2026-04-20 17:21:46.238 [org.springframework.kafka.KafkaListenerEndpointContainer#0-0-C-1] WARN  org.apache.kafka.clients.NetworkClient - [Consumer clientId=consumer-file-processing-group-1, groupId=file-processing-group] Bootstrap broker localhost:9092 (id: -1 rack: null) disconnected
2026-04-20 17:21:47.027 [paismart-sched-1] INFO  com.yizhaoqi.smartpai.service.skill.SkillRegistry - SkillRegistry 全量替换完成，共 10 个 skill
2026-04-20 17:21:47.028 [paismart-sched-1] INFO  com.yizhaoqi.smartpai.service.skill.SkillLoader - SkillLoader reload 完成 scanned=10 added=0 updated=0 skipped=10 disabled=0 errors=0 registry=10
2026-04-20 17:21:47.245 [org.springframework.kafka.KafkaListenerEndpointContainer#0-0-C-1] WARN  org.apache.kafka.clients.NetworkClient - [Consumer clientId=consumer-file-processing-group-1, groupId=file-processing-group] Connection to node -1 (localhost/127.0.0.1:9092) could not be established. Node may not be available.
2026-04-20 17:21:47.246 [org.springframework.kafka.KafkaListenerEndpointContainer#0-0-C-1] WARN  org.apache.kafka.clients.NetworkClient - [Consumer clientId=consumer-file-processing-group-1, groupId=file-processing-group] Bootstrap broker localhost:9092 (id: -1 rack: null) disconnected
2026-04-20 17:21:48.247 [org.springframework.kafka.KafkaListenerEndpointContainer#0-0-C-1] WARN  org.apache.kafka.clients.NetworkClient - [Consumer clientId=consumer-file-processing-group-1, groupId=file-processing-group] Connection to node -1 (localhost/127.0.0.1:9092) could not be established. Node may not be available.
2026-04-20 17:21:48.248 [org.springframework.kafka.KafkaListenerEndpointContainer#0-0-C-1] WARN  org.apache.kafka.clients.NetworkClient - [Consumer clientId=consumer-file-processing-group-1, groupId=file-processing-group] Bootstrap broker localhost:9092 (id: -1 rack: null) disconnected
2026-04-20 17:21:49.053 [org.springframework.kafka.KafkaListenerEndpointContainer#0-0-C-1] WARN  org.apache.kafka.clients.NetworkClient - [Consumer clientId=consumer-file-processing-group-1, groupId=file-processing-group] Connection to node -1 (localhost/127.0.0.1:9092) could not be established. Node may not be available.
2026-04-20 17:21:49.054 [org.springframework.kafka.KafkaListenerEndpointContainer#0-0-C-1] WARN  org.apache.kafka.clients.NetworkClient - [Consumer clientId=consumer-file-processing-group-1, groupId=file-processing-group] Bootstrap broker localhost:9092 (id: -1 rack: null) disconnected
2026-04-20 17:21:50.102 [org.springframework.kafka.KafkaListenerEndpointContainer#0-0-C-1] WARN  org.apache.kafka.clients.NetworkClient - [Consumer clientId=consumer-file-processing-group-1, groupId=file-processing-group] Connection to node -1 (localhost/127.0.0.1:9092) could not be established. Node may not be available.
2026-04-20 17:21:50.103 [org.springframework.kafka.KafkaListenerEndpointContainer#0-0-C-1] WARN  org.apache.kafka.clients.NetworkClient - [Consumer clientId=consumer-file-processing-group-1, groupId=file-processing-group] Bootstrap broker localhost:9092 (id: -1 rack: null) disconnected
2026-04-20 17:21:50.963 [org.springframework.kafka.KafkaListenerEndpointContainer#0-0-C-1] WARN  org.apache.kafka.clients.NetworkClient - [Consumer clientId=consumer-file-processing-group-1, groupId=file-processing-group] Connection to node -1 (localhost/127.0.0.1:9092) could not be established. Node may not be available.
2026-04-20 17:21:50.964 [org.springframework.kafka.KafkaListenerEndpointContainer#0-0-C-1] WARN  org.apache.kafka.clients.NetworkClient - [Consumer clientId=consumer-file-processing-group-1, groupId=file-processing-group] Bootstrap broker localhost:9092 (id: -1 rack: null) disconnected
2026-04-20 17:21:51.994 [org.springframework.kafka.KafkaListenerEndpointContainer#0-0-C-1] WARN  org.apache.kafka.clients.NetworkClient - [Consumer clientId=consumer-file-processing-group-1, groupId=file-processing-group] Connection to node -1 (localhost/127.0.0.1:9092) could not be established. Node may not be available.
2026-04-20 17:21:51.995 [org.springframework.kafka.KafkaListenerEndpointContainer#0-0-C-1] WARN  org.apache.kafka.clients.NetworkClient - [Consumer clientId=consumer-file-processing-group-1, groupId=file-processing-group] Bootstrap broker localhost:9092 (id: -1 rack: null) disconnected
2026-04-20 17:21:52.983 [org.springframework.kafka.KafkaListenerEndpointContainer#0-0-C-1] WARN  org.apache.kafka.clients.NetworkClient - [Consumer clientId=consumer-file-processing-group-1, groupId=file-processing-group] Connection to node -1 (localhost/127.0.0.1:9092) could not be established. Node may not be available.
2026-04-20 17:21:52.983 [org.springframework.kafka.KafkaListenerEndpointContainer#0-0-C-1] WARN  org.apache.kafka.clients.NetworkClient - [Consumer clientId=consumer-file-processing-group-1, groupId=file-processing-group] Bootstrap broker localhost:9092 (id: -1 rack: null) disconnected
2026-04-20 17:21:53.995 [org.springframework.kafka.KafkaListenerEndpointContainer#0-0-C-1] WARN  org.apache.kafka.clients.NetworkClient - [Consumer clientId=consumer-file-processing-group-1, groupId=file-processing-group] Connection to node -1 (localhost/127.0.0.1:9092) could not be established. Node may not be available.
2026-04-20 17:21:53.996 [org.springframework.kafka.KafkaListenerEndpointContainer#0-0-C-1] WARN  org.apache.kafka.clients.NetworkClient - [Consumer clientId=consumer-file-processing-group-1, groupId=file-processing-group] Bootstrap broker localhost:9092 (id: -1 rack: null) disconnected
2026-04-20 17:21:54.952 [org.springframework.kafka.KafkaListenerEndpointContainer#0-0-C-1] WARN  org.apache.kafka.clients.NetworkClient - [Consumer clientId=consumer-file-processing-group-1, groupId=file-processing-group] Connection to node -1 (localhost/127.0.0.1:9092) could not be established. Node may not be available.
2026-04-20 17:21:54.953 [org.springframework.kafka.KafkaListenerEndpointContainer#0-0-C-1] WARN  org.apache.kafka.clients.NetworkClient - [Consumer clientId=consumer-file-processing-group-1, groupId=file-processing-group] Bootstrap broker localhost:9092 (id: -1 rack: null) disconnected
2026-04-20 17:21:55.703 [main] INFO  com.zaxxer.hikari.HikariDataSource - HikariPool-2 - Starting...
2026-04-20 17:21:55.705 [main] INFO  com.zaxxer.hikari.pool.HikariPool - HikariPool-2 - Added connection conn10: url=jdbc:h2:mem:paismart user=SA
2026-04-20 17:21:55.705 [main] INFO  com.zaxxer.hikari.HikariDataSource - HikariPool-2 - Start completed.
2026-04-20 17:21:55.706 [main] WARN  org.hibernate.orm.deprecation - HHH90000025: H2Dialect does not need to be specified explicitly using 'hibernate.dialect' (remove the property setting and it will be selected by default)
2026-04-20 17:21:55.964 [org.springframework.kafka.KafkaListenerEndpointContainer#0-0-C-1] WARN  org.apache.kafka.clients.NetworkClient - [Consumer clientId=consumer-file-processing-group-1, groupId=file-processing-group] Connection to node -1 (localhost/127.0.0.1:9092) could not be established. Node may not be available.
2026-04-20 17:21:55.965 [org.springframework.kafka.KafkaListenerEndpointContainer#0-0-C-1] WARN  org.apache.kafka.clients.NetworkClient - [Consumer clientId=consumer-file-processing-group-1, groupId=file-processing-group] Bootstrap broker localhost:9092 (id: -1 rack: null) disconnected
2026-04-20 17:21:56.851 [org.springframework.kafka.KafkaListenerEndpointContainer#0-0-C-1] WARN  org.apache.kafka.clients.NetworkClient - [Consumer clientId=consumer-file-processing-group-1, groupId=file-processing-group] Connection to node -1 (localhost/127.0.0.1:9092) could not be established. Node may not be available.
2026-04-20 17:21:56.852 [org.springframework.kafka.KafkaListenerEndpointContainer#0-0-C-1] WARN  org.apache.kafka.clients.NetworkClient - [Consumer clientId=consumer-file-processing-group-1, groupId=file-processing-group] Bootstrap broker localhost:9092 (id: -1 rack: null) disconnected
2026-04-20 17:21:57.862 [org.springframework.kafka.KafkaListenerEndpointContainer#0-0-C-1] WARN  org.apache.kafka.clients.NetworkClient - [Consumer clientId=consumer-file-processing-group-1, groupId=file-processing-group] Connection to node -1 (localhost/127.0.0.1:9092) could not be established. Node may not be available.
2026-04-20 17:21:57.863 [org.springframework.kafka.KafkaListenerEndpointContainer#0-0-C-1] WARN  org.apache.kafka.clients.NetworkClient - [Consumer clientId=consumer-file-processing-group-1, groupId=file-processing-group] Bootstrap broker localhost:9092 (id: -1 rack: null) disconnected
2026-04-20 17:21:58.863 [org.springframework.kafka.KafkaListenerEndpointContainer#0-0-C-1] WARN  org.apache.kafka.clients.NetworkClient - [Consumer clientId=consumer-file-processing-group-1, groupId=file-processing-group] Connection to node -1 (localhost/127.0.0.1:9092) could not be established. Node may not be available.
2026-04-20 17:21:58.864 [org.springframework.kafka.KafkaListenerEndpointContainer#0-0-C-1] WARN  org.apache.kafka.clients.NetworkClient - [Consumer clientId=consumer-file-processing-group-1, groupId=file-processing-group] Bootstrap broker localhost:9092 (id: -1 rack: null) disconnected
2026-04-20 17:21:59.864 [org.springframework.kafka.KafkaListenerEndpointContainer#0-0-C-1] WARN  org.apache.kafka.clients.NetworkClient - [Consumer clientId=consumer-file-processing-group-1, groupId=file-processing-group] Connection to node -1 (localhost/127.0.0.1:9092) could not be established. Node may not be available.
2026-04-20 17:21:59.864 [org.springframework.kafka.KafkaListenerEndpointContainer#0-0-C-1] WARN  org.apache.kafka.clients.NetworkClient - [Consumer clientId=consumer-file-processing-group-1, groupId=file-processing-group] Bootstrap broker localhost:9092 (id: -1 rack: null) disconnected
2026-04-20 17:22:00.893 [org.springframework.kafka.KafkaListenerEndpointContainer#0-0-C-1] WARN  org.apache.kafka.clients.NetworkClient - [Consumer clientId=consumer-file-processing-group-1, groupId=file-processing-group] Connection to node -1 (localhost/127.0.0.1:9092) could not be established. Node may not be available.
2026-04-20 17:22:00.894 [org.springframework.kafka.KafkaListenerEndpointContainer#0-0-C-1] WARN  org.apache.kafka.clients.NetworkClient - [Consumer clientId=consumer-file-processing-group-1, groupId=file-processing-group] Bootstrap broker localhost:9092 (id: -1 rack: null) disconnected
2026-04-20 17:22:01.186 [main] INFO  com.yizhaoqi.smartpai.client.EmbeddingClient - EmbeddingClient 初始化 - Provider: aliyun, 模型: Qwen/Qwen3-Embedding-0.6B, 批次大小: 100, 维度: 2048, API地址: https://api.siliconflow.cn/v1
2026-04-20 17:22:01.442 [main] WARN  com.yizhaoqi.smartpai.service.xhs.CookieCipher - xhs.cookie-secret 未设置，使用默认值。生产部署请在环境变量 XHS_COOKIE_SECRET 中覆盖！
2026-04-20 17:22:01.540 [main] INFO  com.yizhaoqi.smartpai.service.tool.ToolRegistry - ToolRegistry 启动完成，已注册 33 个工具：[ask_user_question, bash, creator_export, creator_get_posts, creator_get, creator_post_batch_upsert, creator_screen, creator_search, creator_upsert, fs_edit, fs_read, fs_write, fs_glob, fs_grep, knowledge_search, list_skills, project_roster_add, project_roster_list, qiangua_brand_discover, schedule_create, schedule_delete, schedule_list, sleep, todo_write, tool_search, use_skill, web_fetch, web_search, xhs_download_video, xhs_fetch_pgy_kol, xhs_outreach_comment, xhs_refresh_creator, xhs_search_notes]
2026-04-20 17:22:01.622 [main] INFO  c.y.smartpai.service.agent.context.ContextEngine - ContextEngine 启动，已注册 providers: [system_prompt, long_term_memory, active_skills, recent_history, live_turn]
2026-04-20 17:22:01.700 [org.springframework.kafka.KafkaListenerEndpointContainer#0-0-C-1] WARN  org.apache.kafka.clients.NetworkClient - [Consumer clientId=consumer-file-processing-group-1, groupId=file-processing-group] Connection to node -1 (localhost/127.0.0.1:9092) could not be established. Node may not be available.
2026-04-20 17:22:01.700 [org.springframework.kafka.KafkaListenerEndpointContainer#0-0-C-1] WARN  org.apache.kafka.clients.NetworkClient - [Consumer clientId=consumer-file-processing-group-1, groupId=file-processing-group] Bootstrap broker localhost:9092 (id: -1 rack: null) disconnected
2026-04-20 17:22:02.093 [main] INFO  com.yizhaoqi.smartpai.service.skill.SkillRegistry - SkillRegistry 全量替换完成，共 10 个 skill
2026-04-20 17:22:02.094 [main] INFO  com.yizhaoqi.smartpai.service.skill.SkillLoader - SkillLoader reload 完成 scanned=10 added=10 updated=0 skipped=0 disabled=0 errors=0 registry=10
2026-04-20 17:22:02.166 [main] WARN  o.s.b.a.o.j.JpaBaseConfiguration$JpaWebConfiguration - spring.jpa.open-in-view is enabled by default. Therefore, database queries may be performed during view rendering. Explicitly configure spring.jpa.open-in-view to disable this warning
2026-04-20 17:22:02.170 [main] INFO  o.s.s.c.a.a.c.InitializeUserDetailsBeanManagerConfigurer$InitializeUserDetailsManagerConfigurer - Global AuthenticationManager configured with UserDetailsService bean with name customUserDetailsService
2026-04-20 17:22:02.409 [main] INFO  com.yizhaoqi.smartpai.config.SecurityConfig - Security configuration loaded successfully.
2026-04-20 17:22:02.600 [kafka-admin-client-thread | adminclient-2] WARN  org.apache.kafka.clients.NetworkClient - [AdminClient clientId=adminclient-2] Connection to node -1 (localhost/127.0.0.1:9092) could not be established. Node may not be available.
2026-04-20 17:22:02.699 [org.springframework.kafka.KafkaListenerEndpointContainer#0-0-C-1] WARN  org.apache.kafka.clients.NetworkClient - [Consumer clientId=consumer-file-processing-group-1, groupId=file-processing-group] Connection to node -1 (localhost/127.0.0.1:9092) could not be established. Node may not be available.
2026-04-20 17:22:02.700 [org.springframework.kafka.KafkaListenerEndpointContainer#0-0-C-1] WARN  org.apache.kafka.clients.NetworkClient - [Consumer clientId=consumer-file-processing-group-1, groupId=file-processing-group] Bootstrap broker localhost:9092 (id: -1 rack: null) disconnected
2026-04-20 17:22:02.702 [kafka-admin-client-thread | adminclient-2] WARN  org.apache.kafka.clients.NetworkClient - [AdminClient clientId=adminclient-2] Connection to node -1 (localhost/127.0.0.1:9092) could not be established. Node may not be available.
2026-04-20 17:22:02.803 [kafka-admin-client-thread | adminclient-2] WARN  org.apache.kafka.clients.NetworkClient - [AdminClient clientId=adminclient-2] Connection to node -1 (localhost/127.0.0.1:9092) could not be established. Node may not be available.
2026-04-20 17:22:03.006 [kafka-admin-client-thread | adminclient-2] WARN  org.apache.kafka.clients.NetworkClient - [AdminClient clientId=adminclient-2] Connection to node -1 (localhost/127.0.0.1:9092) could not be established. Node may not be available.
2026-04-20 17:22:03.510 [kafka-admin-client-thread | adminclient-2] WARN  org.apache.kafka.clients.NetworkClient - [AdminClient clientId=adminclient-2] Connection to node -1 (localhost/127.0.0.1:9092) could not be established. Node may not be available.
2026-04-20 17:22:03.609 [org.springframework.kafka.KafkaListenerEndpointContainer#0-0-C-1] WARN  org.apache.kafka.clients.NetworkClient - [Consumer clientId=consumer-file-processing-group-1, groupId=file-processing-group] Connection to node -1 (localhost/127.0.0.1:9092) could not be established. Node may not be available.
2026-04-20 17:22:03.610 [org.springframework.kafka.KafkaListenerEndpointContainer#0-0-C-1] WARN  org.apache.kafka.clients.NetworkClient - [Consumer clientId=consumer-file-processing-group-1, groupId=file-processing-group] Bootstrap broker localhost:9092 (id: -1 rack: null) disconnected
2026-04-20 17:22:04.317 [kafka-admin-client-thread | adminclient-2] WARN  org.apache.kafka.clients.NetworkClient - [AdminClient clientId=adminclient-2] Connection to node -1 (localhost/127.0.0.1:9092) could not be established. Node may not be available.
2026-04-20 17:22:04.516 [org.springframework.kafka.KafkaListenerEndpointContainer#0-0-C-1] WARN  org.apache.kafka.clients.NetworkClient - [Consumer clientId=consumer-file-processing-group-1, groupId=file-processing-group] Connection to node -1 (localhost/127.0.0.1:9092) could not be established. Node may not be available.
2026-04-20 17:22:04.517 [org.springframework.kafka.KafkaListenerEndpointContainer#0-0-C-1] WARN  org.apache.kafka.clients.NetworkClient - [Consumer clientId=consumer-file-processing-group-1, groupId=file-processing-group] Bootstrap broker localhost:9092 (id: -1 rack: null) disconnected
2026-04-20 17:22:05.324 [kafka-admin-client-thread | adminclient-2] WARN  org.apache.kafka.clients.NetworkClient - [AdminClient clientId=adminclient-2] Connection to node -1 (localhost/127.0.0.1:9092) could not be established. Node may not be available.
2026-04-20 17:22:05.517 [org.springframework.kafka.KafkaListenerEndpointContainer#0-0-C-1] WARN  org.apache.kafka.clients.NetworkClient - [Consumer clientId=consumer-file-processing-group-1, groupId=file-processing-group] Connection to node -1 (localhost/127.0.0.1:9092) could not be established. Node may not be available.
2026-04-20 17:22:05.518 [org.springframework.kafka.KafkaListenerEndpointContainer#0-0-C-1] WARN  org.apache.kafka.clients.NetworkClient - [Consumer clientId=consumer-file-processing-group-1, groupId=file-processing-group] Bootstrap broker localhost:9092 (id: -1 rack: null) disconnected
2026-04-20 17:22:06.230 [kafka-admin-client-thread | adminclient-2] WARN  org.apache.kafka.clients.NetworkClient - [AdminClient clientId=adminclient-2] Connection to node -1 (localhost/127.0.0.1:9092) could not be established. Node may not be available.
2026-04-20 17:22:06.518 [org.springframework.kafka.KafkaListenerEndpointContainer#0-0-C-1] WARN  org.apache.kafka.clients.NetworkClient - [Consumer clientId=consumer-file-processing-group-1, groupId=file-processing-group] Connection to node -1 (localhost/127.0.0.1:9092) could not be established. Node may not be available.
2026-04-20 17:22:06.519 [org.springframework.kafka.KafkaListenerEndpointContainer#0-0-C-1] WARN  org.apache.kafka.clients.NetworkClient - [Consumer clientId=consumer-file-processing-group-1, groupId=file-processing-group] Bootstrap broker localhost:9092 (id: -1 rack: null) disconnected
2026-04-20 17:22:07.235 [kafka-admin-client-thread | adminclient-2] WARN  org.apache.kafka.clients.NetworkClient - [AdminClient clientId=adminclient-2] Connection to node -1 (localhost/127.0.0.1:9092) could not be established. Node may not be available.
2026-04-20 17:22:07.519 [org.springframework.kafka.KafkaListenerEndpointContainer#0-0-C-1] WARN  org.apache.kafka.clients.NetworkClient - [Consumer clientId=consumer-file-processing-group-1, groupId=file-processing-group] Connection to node -1 (localhost/127.0.0.1:9092) could not be established. Node may not be available.
2026-04-20 17:22:07.521 [org.springframework.kafka.KafkaListenerEndpointContainer#0-0-C-1] WARN  org.apache.kafka.clients.NetworkClient - [Consumer clientId=consumer-file-processing-group-1, groupId=file-processing-group] Bootstrap broker localhost:9092 (id: -1 rack: null) disconnected
2026-04-20 17:22:08.253 [kafka-admin-client-thread | adminclient-2] WARN  org.apache.kafka.clients.NetworkClient - [AdminClient clientId=adminclient-2] Connection to node -1 (localhost/127.0.0.1:9092) could not be established. Node may not be available.
2026-04-20 17:22:08.520 [org.springframework.kafka.KafkaListenerEndpointContainer#0-0-C-1] WARN  org.apache.kafka.clients.NetworkClient - [Consumer clientId=consumer-file-processing-group-1, groupId=file-processing-group] Connection to node -1 (localhost/127.0.0.1:9092) could not be established. Node may not be available.
2026-04-20 17:22:08.521 [org.springframework.kafka.KafkaListenerEndpointContainer#0-0-C-1] WARN  org.apache.kafka.clients.NetworkClient - [Consumer clientId=consumer-file-processing-group-1, groupId=file-processing-group] Bootstrap broker localhost:9092 (id: -1 rack: null) disconnected
2026-04-20 17:22:09.259 [kafka-admin-client-thread | adminclient-2] WARN  org.apache.kafka.clients.NetworkClient - [AdminClient clientId=adminclient-2] Connection to node -1 (localhost/127.0.0.1:9092) could not be established. Node may not be available.
2026-04-20 17:22:09.523 [org.springframework.kafka.KafkaListenerEndpointContainer#0-0-C-1] WARN  org.apache.kafka.clients.NetworkClient - [Consumer clientId=consumer-file-processing-group-1, groupId=file-processing-group] Connection to node -1 (localhost/127.0.0.1:9092) could not be established. Node may not be available.
2026-04-20 17:22:09.524 [org.springframework.kafka.KafkaListenerEndpointContainer#0-0-C-1] WARN  org.apache.kafka.clients.NetworkClient - [Consumer clientId=consumer-file-processing-group-1, groupId=file-processing-group] Bootstrap broker localhost:9092 (id: -1 rack: null) disconnected
2026-04-20 17:22:10.268 [kafka-admin-client-thread | adminclient-2] WARN  org.apache.kafka.clients.NetworkClient - [AdminClient clientId=adminclient-2] Connection to node -1 (localhost/127.0.0.1:9092) could not be established. Node may not be available.
2026-04-20 17:22:10.379 [org.springframework.kafka.KafkaListenerEndpointContainer#0-0-C-1] WARN  org.apache.kafka.clients.NetworkClient - [Consumer clientId=consumer-file-processing-group-1, groupId=file-processing-group] Connection to node -1 (localhost/127.0.0.1:9092) could not be established. Node may not be available.
2026-04-20 17:22:10.380 [org.springframework.kafka.KafkaListenerEndpointContainer#0-0-C-1] WARN  org.apache.kafka.clients.NetworkClient - [Consumer clientId=consumer-file-processing-group-1, groupId=file-processing-group] Bootstrap broker localhost:9092 (id: -1 rack: null) disconnected
2026-04-20 17:22:11.075 [kafka-admin-client-thread | adminclient-2] WARN  org.apache.kafka.clients.NetworkClient - [AdminClient clientId=adminclient-2] Connection to node -1 (localhost/127.0.0.1:9092) could not be established. Node may not be available.
2026-04-20 17:22:11.418 [org.springframework.kafka.KafkaListenerEndpointContainer#0-0-C-1] WARN  org.apache.kafka.clients.NetworkClient - [Consumer clientId=consumer-file-processing-group-1, groupId=file-processing-group] Connection to node -1 (localhost/127.0.0.1:9092) could not be established. Node may not be available.
2026-04-20 17:22:11.418 [org.springframework.kafka.KafkaListenerEndpointContainer#0-0-C-1] WARN  org.apache.kafka.clients.NetworkClient - [Consumer clientId=consumer-file-processing-group-1, groupId=file-processing-group] Bootstrap broker localhost:9092 (id: -1 rack: null) disconnected
2026-04-20 17:22:12.080 [kafka-admin-client-thread | adminclient-2] WARN  org.apache.kafka.clients.NetworkClient - [AdminClient clientId=adminclient-2] Connection to node -1 (localhost/127.0.0.1:9092) could not be established. Node may not be available.
2026-04-20 17:22:12.418 [org.springframework.kafka.KafkaListenerEndpointContainer#0-0-C-1] WARN  org.apache.kafka.clients.NetworkClient - [Consumer clientId=consumer-file-processing-group-1, groupId=file-processing-group] Connection to node -1 (localhost/127.0.0.1:9092) could not be established. Node may not be available.
2026-04-20 17:22:12.418 [org.springframework.kafka.KafkaListenerEndpointContainer#0-0-C-1] WARN  org.apache.kafka.clients.NetworkClient - [Consumer clientId=consumer-file-processing-group-1, groupId=file-processing-group] Bootstrap broker localhost:9092 (id: -1 rack: null) disconnected
2026-04-20 17:22:13.086 [kafka-admin-client-thread | adminclient-2] WARN  org.apache.kafka.clients.NetworkClient - [AdminClient clientId=adminclient-2] Connection to node -1 (localhost/127.0.0.1:9092) could not be established. Node may not be available.
2026-04-20 17:22:13.419 [org.springframework.kafka.KafkaListenerEndpointContainer#0-0-C-1] WARN  org.apache.kafka.clients.NetworkClient - [Consumer clientId=consumer-file-processing-group-1, groupId=file-processing-group] Connection to node -1 (localhost/127.0.0.1:9092) could not be established. Node may not be available.
2026-04-20 17:22:13.420 [org.springframework.kafka.KafkaListenerEndpointContainer#0-0-C-1] WARN  org.apache.kafka.clients.NetworkClient - [Consumer clientId=consumer-file-processing-group-1, groupId=file-processing-group] Bootstrap broker localhost:9092 (id: -1 rack: null) disconnected
2026-04-20 17:22:14.092 [kafka-admin-client-thread | adminclient-2] WARN  org.apache.kafka.clients.NetworkClient - [AdminClient clientId=adminclient-2] Connection to node -1 (localhost/127.0.0.1:9092) could not be established. Node may not be available.
2026-04-20 17:22:14.430 [org.springframework.kafka.KafkaListenerEndpointContainer#0-0-C-1] WARN  org.apache.kafka.clients.NetworkClient - [Consumer clientId=consumer-file-processing-group-1, groupId=file-processing-group] Connection to node -1 (localhost/127.0.0.1:9092) could not be established. Node may not be available.
2026-04-20 17:22:14.431 [org.springframework.kafka.KafkaListenerEndpointContainer#0-0-C-1] WARN  org.apache.kafka.clients.NetworkClient - [Consumer clientId=consumer-file-processing-group-1, groupId=file-processing-group] Bootstrap broker localhost:9092 (id: -1 rack: null) disconnected
2026-04-20 17:22:14.997 [kafka-admin-client-thread | adminclient-2] WARN  org.apache.kafka.clients.NetworkClient - [AdminClient clientId=adminclient-2] Connection to node -1 (localhost/127.0.0.1:9092) could not be established. Node may not be available.
2026-04-20 17:22:15.431 [org.springframework.kafka.KafkaListenerEndpointContainer#0-0-C-1] WARN  org.apache.kafka.clients.NetworkClient - [Consumer clientId=consumer-file-processing-group-1, groupId=file-processing-group] Connection to node -1 (localhost/127.0.0.1:9092) could not be established. Node may not be available.
2026-04-20 17:22:15.431 [org.springframework.kafka.KafkaListenerEndpointContainer#0-0-C-1] WARN  org.apache.kafka.clients.NetworkClient - [Consumer clientId=consumer-file-processing-group-1, groupId=file-processing-group] Bootstrap broker localhost:9092 (id: -1 rack: null) disconnected
2026-04-20 17:22:16.002 [kafka-admin-client-thread | adminclient-2] WARN  org.apache.kafka.clients.NetworkClient - [AdminClient clientId=adminclient-2] Connection to node -1 (localhost/127.0.0.1:9092) could not be established. Node may not be available.
2026-04-20 17:22:16.471 [org.springframework.kafka.KafkaListenerEndpointContainer#0-0-C-1] WARN  org.apache.kafka.clients.NetworkClient - [Consumer clientId=consumer-file-processing-group-1, groupId=file-processing-group] Connection to node -1 (localhost/127.0.0.1:9092) could not be established. Node may not be available.
2026-04-20 17:22:16.472 [org.springframework.kafka.KafkaListenerEndpointContainer#0-0-C-1] WARN  org.apache.kafka.clients.NetworkClient - [Consumer clientId=consumer-file-processing-group-1, groupId=file-processing-group] Bootstrap broker localhost:9092 (id: -1 rack: null) disconnected
2026-04-20 17:22:16.909 [kafka-admin-client-thread | adminclient-2] WARN  org.apache.kafka.clients.NetworkClient - [AdminClient clientId=adminclient-2] Connection to node -1 (localhost/127.0.0.1:9092) could not be established. Node may not be available.
2026-04-20 17:22:17.448 [paismart-sched-2] INFO  com.yizhaoqi.smartpai.service.skill.SkillRegistry - SkillRegistry 全量替换完成，共 10 个 skill
2026-04-20 17:22:17.450 [paismart-sched-2] INFO  com.yizhaoqi.smartpai.service.skill.SkillLoader - SkillLoader reload 完成 scanned=10 added=0 updated=0 skipped=10 disabled=0 errors=0 registry=10
2026-04-20 17:22:17.491 [org.springframework.kafka.KafkaListenerEndpointContainer#0-0-C-1] WARN  org.apache.kafka.clients.NetworkClient - [Consumer clientId=consumer-file-processing-group-1, groupId=file-processing-group] Connection to node -1 (localhost/127.0.0.1:9092) could not be established. Node may not be available.
2026-04-20 17:22:17.491 [org.springframework.kafka.KafkaListenerEndpointContainer#0-0-C-1] WARN  org.apache.kafka.clients.NetworkClient - [Consumer clientId=consumer-file-processing-group-1, groupId=file-processing-group] Bootstrap broker localhost:9092 (id: -1 rack: null) disconnected
2026-04-20 17:22:17.814 [kafka-admin-client-thread | adminclient-2] WARN  org.apache.kafka.clients.NetworkClient - [AdminClient clientId=adminclient-2] Connection to node -1 (localhost/127.0.0.1:9092) could not be established. Node may not be available.
2026-04-20 17:22:18.478 [org.springframework.kafka.KafkaListenerEndpointContainer#0-0-C-1] WARN  org.apache.kafka.clients.NetworkClient - [Consumer clientId=consumer-file-processing-group-1, groupId=file-processing-group] Connection to node -1 (localhost/127.0.0.1:9092) could not be established. Node may not be available.
2026-04-20 17:22:18.479 [org.springframework.kafka.KafkaListenerEndpointContainer#0-0-C-1] WARN  org.apache.kafka.clients.NetworkClient - [Consumer clientId=consumer-file-processing-group-1, groupId=file-processing-group] Bootstrap broker localhost:9092 (id: -1 rack: null) disconnected
2026-04-20 17:22:18.819 [kafka-admin-client-thread | adminclient-2] WARN  org.apache.kafka.clients.NetworkClient - [AdminClient clientId=adminclient-2] Connection to node -1 (localhost/127.0.0.1:9092) could not be established. Node may not be available.
2026-04-20 17:22:19.478 [org.springframework.kafka.KafkaListenerEndpointContainer#0-0-C-1] WARN  org.apache.kafka.clients.NetworkClient - [Consumer clientId=consumer-file-processing-group-1, groupId=file-processing-group] Connection to node -1 (localhost/127.0.0.1:9092) could not be established. Node may not be available.
2026-04-20 17:22:19.479 [org.springframework.kafka.KafkaListenerEndpointContainer#0-0-C-1] WARN  org.apache.kafka.clients.NetworkClient - [Consumer clientId=consumer-file-processing-group-1, groupId=file-processing-group] Bootstrap broker localhost:9092 (id: -1 rack: null) disconnected
2026-04-20 17:22:19.832 [kafka-admin-client-thread | adminclient-2] WARN  org.apache.kafka.clients.NetworkClient - [AdminClient clientId=adminclient-2] Connection to node -1 (localhost/127.0.0.1:9092) could not be established. Node may not be available.
2026-04-20 17:22:20.484 [org.springframework.kafka.KafkaListenerEndpointContainer#0-0-C-1] WARN  org.apache.kafka.clients.NetworkClient - [Consumer clientId=consumer-file-processing-group-1, groupId=file-processing-group] Connection to node -1 (localhost/127.0.0.1:9092) could not be established. Node may not be available.
2026-04-20 17:22:20.485 [org.springframework.kafka.KafkaListenerEndpointContainer#0-0-C-1] WARN  org.apache.kafka.clients.NetworkClient - [Consumer clientId=consumer-file-processing-group-1, groupId=file-processing-group] Bootstrap broker localhost:9092 (id: -1 rack: null) disconnected
2026-04-20 17:22:20.837 [kafka-admin-client-thread | adminclient-2] WARN  org.apache.kafka.clients.NetworkClient - [AdminClient clientId=adminclient-2] Connection to node -1 (localhost/127.0.0.1:9092) could not be established. Node may not be available.
2026-04-20 17:22:21.431 [org.springframework.kafka.KafkaListenerEndpointContainer#0-0-C-1] WARN  org.apache.kafka.clients.NetworkClient - [Consumer clientId=consumer-file-processing-group-1, groupId=file-processing-group] Connection to node -1 (localhost/127.0.0.1:9092) could not be established. Node may not be available.
2026-04-20 17:22:21.432 [org.springframework.kafka.KafkaListenerEndpointContainer#0-0-C-1] WARN  org.apache.kafka.clients.NetworkClient - [Consumer clientId=consumer-file-processing-group-1, groupId=file-processing-group] Bootstrap broker localhost:9092 (id: -1 rack: null) disconnected
2026-04-20 17:22:21.847 [kafka-admin-client-thread | adminclient-2] WARN  org.apache.kafka.clients.NetworkClient - [AdminClient clientId=adminclient-2] Connection to node -1 (localhost/127.0.0.1:9092) could not be established. Node may not be available.
2026-04-20 17:22:22.288 [org.springframework.kafka.KafkaListenerEndpointContainer#0-0-C-1] WARN  org.apache.kafka.clients.NetworkClient - [Consumer clientId=consumer-file-processing-group-1, groupId=file-processing-group] Connection to node -1 (localhost/127.0.0.1:9092) could not be established. Node may not be available.
2026-04-20 17:22:22.289 [org.springframework.kafka.KafkaListenerEndpointContainer#0-0-C-1] WARN  org.apache.kafka.clients.NetworkClient - [Consumer clientId=consumer-file-processing-group-1, groupId=file-processing-group] Bootstrap broker localhost:9092 (id: -1 rack: null) disconnected
2026-04-20 17:22:22.852 [kafka-admin-client-thread | adminclient-2] WARN  org.apache.kafka.clients.NetworkClient - [AdminClient clientId=adminclient-2] Connection to node -1 (localhost/127.0.0.1:9092) could not be established. Node may not be available.
2026-04-20 17:22:23.247 [org.springframework.kafka.KafkaListenerEndpointContainer#0-0-C-1] WARN  org.apache.kafka.clients.NetworkClient - [Consumer clientId=consumer-file-processing-group-1, groupId=file-processing-group] Connection to node -1 (localhost/127.0.0.1:9092) could not be established. Node may not be available.
2026-04-20 17:22:23.248 [org.springframework.kafka.KafkaListenerEndpointContainer#0-0-C-1] WARN  org.apache.kafka.clients.NetworkClient - [Consumer clientId=consumer-file-processing-group-1, groupId=file-processing-group] Bootstrap broker localhost:9092 (id: -1 rack: null) disconnected
2026-04-20 17:22:23.856 [kafka-admin-client-thread | adminclient-2] WARN  org.apache.kafka.clients.NetworkClient - [AdminClient clientId=adminclient-2] Connection to node -1 (localhost/127.0.0.1:9092) could not be established. Node may not be available.
2026-04-20 17:22:24.245 [org.springframework.kafka.KafkaListenerEndpointContainer#0-0-C-1] WARN  org.apache.kafka.clients.NetworkClient - [Consumer clientId=consumer-file-processing-group-1, groupId=file-processing-group] Connection to node -1 (localhost/127.0.0.1:9092) could not be established. Node may not be available.
2026-04-20 17:22:24.246 [org.springframework.kafka.KafkaListenerEndpointContainer#0-0-C-1] WARN  org.apache.kafka.clients.NetworkClient - [Consumer clientId=consumer-file-processing-group-1, groupId=file-processing-group] Bootstrap broker localhost:9092 (id: -1 rack: null) disconnected
2026-04-20 17:22:24.860 [kafka-admin-client-thread | adminclient-2] WARN  org.apache.kafka.clients.NetworkClient - [AdminClient clientId=adminclient-2] Connection to node -1 (localhost/127.0.0.1:9092) could not be established. Node may not be available.
2026-04-20 17:22:25.246 [org.springframework.kafka.KafkaListenerEndpointContainer#0-0-C-1] WARN  org.apache.kafka.clients.NetworkClient - [Consumer clientId=consumer-file-processing-group-1, groupId=file-processing-group] Connection to node -1 (localhost/127.0.0.1:9092) could not be established. Node may not be available.
2026-04-20 17:22:25.247 [org.springframework.kafka.KafkaListenerEndpointContainer#0-0-C-1] WARN  org.apache.kafka.clients.NetworkClient - [Consumer clientId=consumer-file-processing-group-1, groupId=file-processing-group] Bootstrap broker localhost:9092 (id: -1 rack: null) disconnected
2026-04-20 17:22:25.865 [kafka-admin-client-thread | adminclient-2] WARN  org.apache.kafka.clients.NetworkClient - [AdminClient clientId=adminclient-2] Connection to node -1 (localhost/127.0.0.1:9092) could not be established. Node may not be available.
2026-04-20 17:22:26.247 [org.springframework.kafka.KafkaListenerEndpointContainer#0-0-C-1] WARN  org.apache.kafka.clients.NetworkClient - [Consumer clientId=consumer-file-processing-group-1, groupId=file-processing-group] Connection to node -1 (localhost/127.0.0.1:9092) could not be established. Node may not be available.
2026-04-20 17:22:26.248 [org.springframework.kafka.KafkaListenerEndpointContainer#0-0-C-1] WARN  org.apache.kafka.clients.NetworkClient - [Consumer clientId=consumer-file-processing-group-1, groupId=file-processing-group] Bootstrap broker localhost:9092 (id: -1 rack: null) disconnected
2026-04-20 17:22:26.870 [kafka-admin-client-thread | adminclient-2] WARN  org.apache.kafka.clients.NetworkClient - [AdminClient clientId=adminclient-2] Connection to node -1 (localhost/127.0.0.1:9092) could not be established. Node may not be available.
2026-04-20 17:22:27.248 [org.springframework.kafka.KafkaListenerEndpointContainer#0-0-C-1] WARN  org.apache.kafka.clients.NetworkClient - [Consumer clientId=consumer-file-processing-group-1, groupId=file-processing-group] Connection to node -1 (localhost/127.0.0.1:9092) could not be established. Node may not be available.
2026-04-20 17:22:27.249 [org.springframework.kafka.KafkaListenerEndpointContainer#0-0-C-1] WARN  org.apache.kafka.clients.NetworkClient - [Consumer clientId=consumer-file-processing-group-1, groupId=file-processing-group] Bootstrap broker localhost:9092 (id: -1 rack: null) disconnected
2026-04-20 17:22:27.777 [kafka-admin-client-thread | adminclient-2] WARN  org.apache.kafka.clients.NetworkClient - [AdminClient clientId=adminclient-2] Connection to node -1 (localhost/127.0.0.1:9092) could not be established. Node may not be available.
2026-04-20 17:22:28.207 [org.springframework.kafka.KafkaListenerEndpointContainer#0-0-C-1] WARN  org.apache.kafka.clients.NetworkClient - [Consumer clientId=consumer-file-processing-group-1, groupId=file-processing-group] Connection to node -1 (localhost/127.0.0.1:9092) could not be established. Node may not be available.
2026-04-20 17:22:28.208 [org.springframework.kafka.KafkaListenerEndpointContainer#0-0-C-1] WARN  org.apache.kafka.clients.NetworkClient - [Consumer clientId=consumer-file-processing-group-1, groupId=file-processing-group] Bootstrap broker localhost:9092 (id: -1 rack: null) disconnected
2026-04-20 17:22:28.783 [kafka-admin-client-thread | adminclient-2] WARN  org.apache.kafka.clients.NetworkClient - [AdminClient clientId=adminclient-2] Connection to node -1 (localhost/127.0.0.1:9092) could not be established. Node may not be available.
2026-04-20 17:22:29.208 [org.springframework.kafka.KafkaListenerEndpointContainer#0-0-C-1] WARN  org.apache.kafka.clients.NetworkClient - [Consumer clientId=consumer-file-processing-group-1, groupId=file-processing-group] Connection to node -1 (localhost/127.0.0.1:9092) could not be established. Node may not be available.
2026-04-20 17:22:29.211 [org.springframework.kafka.KafkaListenerEndpointContainer#0-0-C-1] WARN  org.apache.kafka.clients.NetworkClient - [Consumer clientId=consumer-file-processing-group-1, groupId=file-processing-group] Bootstrap broker localhost:9092 (id: -1 rack: null) disconnected
2026-04-20 17:22:29.788 [kafka-admin-client-thread | adminclient-2] WARN  org.apache.kafka.clients.NetworkClient - [AdminClient clientId=adminclient-2] Connection to node -1 (localhost/127.0.0.1:9092) could not be established. Node may not be available.
2026-04-20 17:22:30.068 [org.springframework.kafka.KafkaListenerEndpointContainer#0-0-C-1] WARN  org.apache.kafka.clients.NetworkClient - [Consumer clientId=consumer-file-processing-group-1, groupId=file-processing-group] Connection to node -1 (localhost/127.0.0.1:9092) could not be established. Node may not be available.
2026-04-20 17:22:30.069 [org.springframework.kafka.KafkaListenerEndpointContainer#0-0-C-1] WARN  org.apache.kafka.clients.NetworkClient - [Consumer clientId=consumer-file-processing-group-1, groupId=file-processing-group] Bootstrap broker localhost:9092 (id: -1 rack: null) disconnected
2026-04-20 17:22:30.793 [kafka-admin-client-thread | adminclient-2] WARN  org.apache.kafka.clients.NetworkClient - [AdminClient clientId=adminclient-2] Connection to node -1 (localhost/127.0.0.1:9092) could not be established. Node may not be available.
2026-04-20 17:22:31.064 [org.springframework.kafka.KafkaListenerEndpointContainer#0-0-C-1] WARN  org.apache.kafka.clients.NetworkClient - [Consumer clientId=consumer-file-processing-group-1, groupId=file-processing-group] Connection to node -1 (localhost/127.0.0.1:9092) could not be established. Node may not be available.
2026-04-20 17:22:31.066 [org.springframework.kafka.KafkaListenerEndpointContainer#0-0-C-1] WARN  org.apache.kafka.clients.NetworkClient - [Consumer clientId=consumer-file-processing-group-1, groupId=file-processing-group] Bootstrap broker localhost:9092 (id: -1 rack: null) disconnected
2026-04-20 17:22:31.798 [kafka-admin-client-thread | adminclient-2] WARN  org.apache.kafka.clients.NetworkClient - [AdminClient clientId=adminclient-2] Connection to node -1 (localhost/127.0.0.1:9092) could not be established. Node may not be available.
2026-04-20 17:22:32.099 [org.springframework.kafka.KafkaListenerEndpointContainer#0-0-C-1] WARN  org.apache.kafka.clients.NetworkClient - [Consumer clientId=consumer-file-processing-group-1, groupId=file-processing-group] Connection to node -1 (localhost/127.0.0.1:9092) could not be established. Node may not be available.
2026-04-20 17:22:32.100 [org.springframework.kafka.KafkaListenerEndpointContainer#0-0-C-1] WARN  org.apache.kafka.clients.NetworkClient - [Consumer clientId=consumer-file-processing-group-1, groupId=file-processing-group] Bootstrap broker localhost:9092 (id: -1 rack: null) disconnected
2026-04-20 17:22:32.599 [main] ERROR org.springframework.kafka.core.KafkaAdmin - Could not configure topics
org.springframework.kafka.KafkaException: Timed out waiting to get existing topics
	at org.springframework.kafka.core.KafkaAdmin.lambda$checkPartitions$13(KafkaAdmin.java:539)
	at java.base/java.util.HashMap.forEach(HashMap.java:1421)
	at java.base/java.util.Collections$UnmodifiableMap.forEach(Collections.java:1554)
	at org.springframework.kafka.core.KafkaAdmin.checkPartitions(KafkaAdmin.java:518)
	at org.springframework.kafka.core.KafkaAdmin.addOrModifyTopicsIfNeeded(KafkaAdmin.java:411)
	at org.springframework.kafka.core.KafkaAdmin.initialize(KafkaAdmin.java:263)
	at org.springframework.kafka.core.KafkaAdmin.afterSingletonsInstantiated(KafkaAdmin.java:227)
	at org.springframework.beans.factory.support.DefaultListableBeanFactory.preInstantiateSingletons(DefaultListableBeanFactory.java:1057)
	at org.springframework.context.support.AbstractApplicationContext.finishBeanFactoryInitialization(AbstractApplicationContext.java:987)
	at org.springframework.context.support.AbstractApplicationContext.refresh(AbstractApplicationContext.java:627)
	at org.springframework.boot.SpringApplication.refresh(SpringApplication.java:752)
	at org.springframework.boot.SpringApplication.refreshContext(SpringApplication.java:439)
	at org.springframework.boot.SpringApplication.run(SpringApplication.java:318)
	at org.springframework.boot.test.context.SpringBootContextLoader.lambda$loadContext$3(SpringBootContextLoader.java:137)
	at org.springframework.util.function.ThrowingSupplier.get(ThrowingSupplier.java:58)
	at org.springframework.util.function.ThrowingSupplier.get(ThrowingSupplier.java:46)
	at org.springframework.boot.SpringApplication.withHook(SpringApplication.java:1461)
	at org.springframework.boot.test.context.SpringBootContextLoader$ContextLoaderHook.run(SpringBootContextLoader.java:553)
	at org.springframework.boot.test.context.SpringBootContextLoader.loadContext(SpringBootContextLoader.java:137)
	at org.springframework.boot.test.context.SpringBootContextLoader.loadContext(SpringBootContextLoader.java:108)
	at org.springframework.test.context.cache.DefaultCacheAwareContextLoaderDelegate.loadContextInternal(DefaultCacheAwareContextLoaderDelegate.java:225)
	at org.springframework.test.context.cache.DefaultCacheAwareContextLoaderDelegate.loadContext(DefaultCacheAwareContextLoaderDelegate.java:152)
	at org.springframework.test.context.support.DefaultTestContext.getApplicationContext(DefaultTestContext.java:130)
	at org.springframework.test.context.web.ServletTestExecutionListener.setUpRequestContextIfNecessary(ServletTestExecutionListener.java:191)
	at org.springframework.test.context.web.ServletTestExecutionListener.prepareTestInstance(ServletTestExecutionListener.java:130)
	at org.springframework.test.context.TestContextManager.prepareTestInstance(TestContextManager.java:260)
	at org.springframework.test.context.junit.jupiter.SpringExtension.postProcessTestInstance(SpringExtension.java:160)
	at org.junit.jupiter.engine.descriptor.ClassBasedTestDescriptor.lambda$invokeTestInstancePostProcessors$11(ClassBasedTestDescriptor.java:378)
	at org.junit.jupiter.engine.descriptor.ClassBasedTestDescriptor.executeAndMaskThrowable(ClassBasedTestDescriptor.java:383)
	at org.junit.jupiter.engine.descriptor.ClassBasedTestDescriptor.lambda$invokeTestInstancePostProcessors$12(ClassBasedTestDescriptor.java:378)
	at java.base/java.util.stream.ForEachOps$ForEachOp$OfRef.accept(ForEachOps.java:183)
	at java.base/java.util.stream.ReferencePipeline$3$1.accept(ReferencePipeline.java:197)
	at java.base/java.util.stream.ReferencePipeline$2$1.accept(ReferencePipeline.java:179)
	at java.base/java.util.stream.ReferencePipeline$3$1.accept(ReferencePipeline.java:197)
	at java.base/java.util.ArrayList$ArrayListSpliterator.forEachRemaining(ArrayList.java:1625)
	at java.base/java.util.stream.AbstractPipeline.copyInto(AbstractPipeline.java:509)
	at java.base/java.util.stream.AbstractPipeline.wrapAndCopyInto(AbstractPipeline.java:499)
	at java.base/java.util.stream.ForEachOps$ForEachOp.evaluateSequential(ForEachOps.java:150)
	at java.base/java.util.stream.ForEachOps$ForEachOp$OfRef.evaluateSequential(ForEachOps.java:173)
	at java.base/java.util.stream.AbstractPipeline.evaluate(AbstractPipeline.java:234)
	at java.base/java.util.stream.ReferencePipeline.forEach(ReferencePipeline.java:596)
	at org.junit.jupiter.engine.descriptor.ClassBasedTestDescriptor.invokeTestInstancePostProcessors(ClassBasedTestDescriptor.java:377)
	at org.junit.jupiter.engine.descriptor.ClassBasedTestDescriptor.lambda$instantiateAndPostProcessTestInstance$7(ClassBasedTestDescriptor.java:290)
	at org.junit.platform.engine.support.hierarchical.ThrowableCollector.execute(ThrowableCollector.java:73)
	at org.junit.jupiter.engine.descriptor.ClassBasedTestDescriptor.instantiateAndPostProcessTestInstance(ClassBasedTestDescriptor.java:289)
	at org.junit.jupiter.engine.descriptor.ClassBasedTestDescriptor.lambda$testInstancesProvider$5(ClassBasedTestDescriptor.java:279)
	at java.base/java.util.Optional.orElseGet(Optional.java:364)
	at org.junit.jupiter.engine.descriptor.ClassBasedTestDescriptor.lambda$testInstancesProvider$6(ClassBasedTestDescriptor.java:278)
	at org.junit.jupiter.engine.execution.TestInstancesProvider.getTestInstances(TestInstancesProvider.java:31)
	at org.junit.jupiter.engine.descriptor.TestMethodTestDescriptor.lambda$prepare$1(TestMethodTestDescriptor.java:105)
	at org.junit.platform.engine.support.hierarchical.ThrowableCollector.execute(ThrowableCollector.java:73)
	at org.junit.jupiter.engine.descriptor.TestMethodTestDescriptor.prepare(TestMethodTestDescriptor.java:104)
	at org.junit.jupiter.engine.descriptor.TestMethodTestDescriptor.prepare(TestMethodTestDescriptor.java:68)
	at org.junit.platform.engine.support.hierarchical.NodeTestTask.lambda$prepare$2(NodeTestTask.java:128)
	at org.junit.platform.engine.support.hierarchical.ThrowableCollector.execute(ThrowableCollector.java:73)
	at org.junit.platform.engine.support.hierarchical.NodeTestTask.prepare(NodeTestTask.java:128)
	at org.junit.platform.engine.support.hierarchical.NodeTestTask.execute(NodeTestTask.java:95)
	at java.base/java.util.ArrayList.forEach(ArrayList.java:1511)
	at org.junit.platform.engine.support.hierarchical.SameThreadHierarchicalTestExecutorService.invokeAll(SameThreadHierarchicalTestExecutorService.java:41)
	at org.junit.platform.engine.support.hierarchical.NodeTestTask.lambda$executeRecursively$6(NodeTestTask.java:160)
	at org.junit.platform.engine.support.hierarchical.ThrowableCollector.execute(ThrowableCollector.java:73)
	at org.junit.platform.engine.support.hierarchical.NodeTestTask.lambda$executeRecursively$8(NodeTestTask.java:146)
	at org.junit.platform.engine.support.hierarchical.Node.around(Node.java:137)
	at org.junit.platform.engine.support.hierarchical.NodeTestTask.lambda$executeRecursively$9(NodeTestTask.java:144)
	at org.junit.platform.engine.support.hierarchical.ThrowableCollector.execute(ThrowableCollector.java:73)
	at org.junit.platform.engine.support.hierarchical.NodeTestTask.executeRecursively(NodeTestTask.java:143)
	at org.junit.platform.engine.support.hierarchical.NodeTestTask.execute(NodeTestTask.java:100)
	at java.base/java.util.ArrayList.forEach(ArrayList.java:1511)
	at org.junit.platform.engine.support.hierarchical.SameThreadHierarchicalTestExecutorService.invokeAll(SameThreadHierarchicalTestExecutorService.java:41)
	at org.junit.platform.engine.support.hierarchical.NodeTestTask.lambda$executeRecursively$6(NodeTestTask.java:160)
	at org.junit.platform.engine.support.hierarchical.ThrowableCollector.execute(ThrowableCollector.java:73)
	at org.junit.platform.engine.support.hierarchical.NodeTestTask.lambda$executeRecursively$8(NodeTestTask.java:146)
	at org.junit.platform.engine.support.hierarchical.Node.around(Node.java:137)
	at org.junit.platform.engine.support.hierarchical.NodeTestTask.lambda$executeRecursively$9(NodeTestTask.java:144)
	at org.junit.platform.engine.support.hierarchical.ThrowableCollector.execute(ThrowableCollector.java:73)
	at org.junit.platform.engine.support.hierarchical.NodeTestTask.executeRecursively(NodeTestTask.java:143)
	at org.junit.platform.engine.support.hierarchical.NodeTestTask.execute(NodeTestTask.java:100)
	at org.junit.platform.engine.support.hierarchical.SameThreadHierarchicalTestExecutorService.submit(SameThreadHierarchicalTestExecutorService.java:35)
	at org.junit.platform.engine.support.hierarchical.HierarchicalTestExecutor.execute(HierarchicalTestExecutor.java:57)
	at org.junit.platform.engine.support.hierarchical.HierarchicalTestEngine.execute(HierarchicalTestEngine.java:54)
	at org.junit.platform.launcher.core.EngineExecutionOrchestrator.execute(EngineExecutionOrchestrator.java:198)
	at org.junit.platform.launcher.core.EngineExecutionOrchestrator.execute(EngineExecutionOrchestrator.java:169)
	at org.junit.platform.launcher.core.EngineExecutionOrchestrator.execute(EngineExecutionOrchestrator.java:93)
	at org.junit.platform.launcher.core.EngineExecutionOrchestrator.lambda$execute$0(EngineExecutionOrchestrator.java:58)
	at org.junit.platform.launcher.core.EngineExecutionOrchestrator.withInterceptedStreams(EngineExecutionOrchestrator.java:141)
	at org.junit.platform.launcher.core.EngineExecutionOrchestrator.execute(EngineExecutionOrchestrator.java:57)
	at org.junit.platform.launcher.core.DefaultLauncher.execute(DefaultLauncher.java:103)
	at org.junit.platform.launcher.core.DefaultLauncher.execute(DefaultLauncher.java:85)
	at org.junit.platform.launcher.core.DelegatingLauncher.execute(DelegatingLauncher.java:47)
	at org.apache.maven.surefire.junitplatform.LazyLauncher.execute(LazyLauncher.java:56)
	at org.apache.maven.surefire.junitplatform.JUnitPlatformProvider.execute(JUnitPlatformProvider.java:184)
	at org.apache.maven.surefire.junitplatform.JUnitPlatformProvider.invokeAllTests(JUnitPlatformProvider.java:148)
	at org.apache.maven.surefire.junitplatform.JUnitPlatformProvider.invoke(JUnitPlatformProvider.java:122)
	at org.apache.maven.surefire.booter.ForkedBooter.runSuitesInProcess(ForkedBooter.java:385)
	at org.apache.maven.surefire.booter.ForkedBooter.execute(ForkedBooter.java:162)
	at org.apache.maven.surefire.booter.ForkedBooter.run(ForkedBooter.java:507)
	at org.apache.maven.surefire.booter.ForkedBooter.main(ForkedBooter.java:495)
Caused by: java.util.concurrent.TimeoutException: null
	at java.base/java.util.concurrent.CompletableFuture.timedGet(CompletableFuture.java:1960)
	at java.base/java.util.concurrent.CompletableFuture.get(CompletableFuture.java:2095)
	at org.apache.kafka.common.internals.KafkaFutureImpl.get(KafkaFutureImpl.java:180)
	at org.springframework.kafka.core.KafkaAdmin.lambda$checkPartitions$13(KafkaAdmin.java:521)
	... 96 common frames omitted
2026-04-20 17:22:32.704 [kafka-admin-client-thread | adminclient-2] WARN  org.apache.kafka.clients.NetworkClient - [AdminClient clientId=adminclient-2] Connection to node -1 (localhost/127.0.0.1:9092) could not be established. Node may not be available.
2026-04-20 17:22:33.100 [org.springframework.kafka.KafkaListenerEndpointContainer#0-0-C-1] WARN  org.apache.kafka.clients.NetworkClient - [Consumer clientId=consumer-file-processing-group-1, groupId=file-processing-group] Connection to node -1 (localhost/127.0.0.1:9092) could not be established. Node may not be available.
2026-04-20 17:22:33.101 [org.springframework.kafka.KafkaListenerEndpointContainer#0-0-C-1] WARN  org.apache.kafka.clients.NetworkClient - [Consumer clientId=consumer-file-processing-group-1, groupId=file-processing-group] Bootstrap broker localhost:9092 (id: -1 rack: null) disconnected
2026-04-20 17:22:33.609 [kafka-admin-client-thread | adminclient-2] WARN  org.apache.kafka.clients.NetworkClient - [AdminClient clientId=adminclient-2] Connection to node -1 (localhost/127.0.0.1:9092) could not be established. Node may not be available.
2026-04-20 17:22:34.100 [org.springframework.kafka.KafkaListenerEndpointContainer#0-0-C-1] WARN  org.apache.kafka.clients.NetworkClient - [Consumer clientId=consumer-file-processing-group-1, groupId=file-processing-group] Connection to node -1 (localhost/127.0.0.1:9092) could not be established. Node may not be available.
2026-04-20 17:22:34.101 [org.springframework.kafka.KafkaListenerEndpointContainer#0-0-C-1] WARN  org.apache.kafka.clients.NetworkClient - [Consumer clientId=consumer-file-processing-group-1, groupId=file-processing-group] Bootstrap broker localhost:9092 (id: -1 rack: null) disconnected
2026-04-20 17:22:34.614 [kafka-admin-client-thread | adminclient-2] WARN  org.apache.kafka.clients.NetworkClient - [AdminClient clientId=adminclient-2] Connection to node -1 (localhost/127.0.0.1:9092) could not be established. Node may not be available.
2026-04-20 17:22:35.009 [org.springframework.kafka.KafkaListenerEndpointContainer#0-0-C-1] WARN  org.apache.kafka.clients.NetworkClient - [Consumer clientId=consumer-file-processing-group-1, groupId=file-processing-group] Connection to node -1 (localhost/127.0.0.1:9092) could not be established. Node may not be available.
2026-04-20 17:22:35.010 [org.springframework.kafka.KafkaListenerEndpointContainer#0-0-C-1] WARN  org.apache.kafka.clients.NetworkClient - [Consumer clientId=consumer-file-processing-group-1, groupId=file-processing-group] Bootstrap broker localhost:9092 (id: -1 rack: null) disconnected
2026-04-20 17:22:35.622 [kafka-admin-client-thread | adminclient-2] WARN  org.apache.kafka.clients.NetworkClient - [AdminClient clientId=adminclient-2] Connection to node -1 (localhost/127.0.0.1:9092) could not be established. Node may not be available.
2026-04-20 17:22:35.976 [org.springframework.kafka.KafkaListenerEndpointContainer#0-0-C-1] WARN  org.apache.kafka.clients.NetworkClient - [Consumer clientId=consumer-file-processing-group-1, groupId=file-processing-group] Connection to node -1 (localhost/127.0.0.1:9092) could not be established. Node may not be available.
2026-04-20 17:22:35.977 [org.springframework.kafka.KafkaListenerEndpointContainer#0-0-C-1] WARN  org.apache.kafka.clients.NetworkClient - [Consumer clientId=consumer-file-processing-group-1, groupId=file-processing-group] Bootstrap broker localhost:9092 (id: -1 rack: null) disconnected
2026-04-20 17:22:36.627 [kafka-admin-client-thread | adminclient-2] WARN  org.apache.kafka.clients.NetworkClient - [AdminClient clientId=adminclient-2] Connection to node -1 (localhost/127.0.0.1:9092) could not be established. Node may not be available.
2026-04-20 17:22:36.978 [org.springframework.kafka.KafkaListenerEndpointContainer#0-0-C-1] WARN  org.apache.kafka.clients.NetworkClient - [Consumer clientId=consumer-file-processing-group-1, groupId=file-processing-group] Connection to node -1 (localhost/127.0.0.1:9092) could not be established. Node may not be available.
2026-04-20 17:22:36.979 [org.springframework.kafka.KafkaListenerEndpointContainer#0-0-C-1] WARN  org.apache.kafka.clients.NetworkClient - [Consumer clientId=consumer-file-processing-group-1, groupId=file-processing-group] Bootstrap broker localhost:9092 (id: -1 rack: null) disconnected
2026-04-20 17:22:37.532 [kafka-admin-client-thread | adminclient-2] WARN  org.apache.kafka.clients.NetworkClient - [AdminClient clientId=adminclient-2] Connection to node -1 (localhost/127.0.0.1:9092) could not be established. Node may not be available.
2026-04-20 17:22:37.835 [org.springframework.kafka.KafkaListenerEndpointContainer#0-0-C-1] WARN  org.apache.kafka.clients.NetworkClient - [Consumer clientId=consumer-file-processing-group-1, groupId=file-processing-group] Connection to node -1 (localhost/127.0.0.1:9092) could not be established. Node may not be available.
2026-04-20 17:22:37.836 [org.springframework.kafka.KafkaListenerEndpointContainer#0-0-C-1] WARN  org.apache.kafka.clients.NetworkClient - [Consumer clientId=consumer-file-processing-group-1, groupId=file-processing-group] Bootstrap broker localhost:9092 (id: -1 rack: null) disconnected
2026-04-20 17:22:38.537 [kafka-admin-client-thread | adminclient-2] WARN  org.apache.kafka.clients.NetworkClient - [AdminClient clientId=adminclient-2] Connection to node -1 (localhost/127.0.0.1:9092) could not be established. Node may not be available.
2026-04-20 17:22:38.884 [org.springframework.kafka.KafkaListenerEndpointContainer#0-0-C-1] WARN  org.apache.kafka.clients.NetworkClient - [Consumer clientId=consumer-file-processing-group-1, groupId=file-processing-group] Connection to node -1 (localhost/127.0.0.1:9092) could not be established. Node may not be available.
2026-04-20 17:22:38.885 [org.springframework.kafka.KafkaListenerEndpointContainer#0-0-C-1] WARN  org.apache.kafka.clients.NetworkClient - [Consumer clientId=consumer-file-processing-group-1, groupId=file-processing-group] Bootstrap broker localhost:9092 (id: -1 rack: null) disconnected
2026-04-20 17:22:39.547 [kafka-admin-client-thread | adminclient-2] WARN  org.apache.kafka.clients.NetworkClient - [AdminClient clientId=adminclient-2] Connection to node -1 (localhost/127.0.0.1:9092) could not be established. Node may not be available.
2026-04-20 17:22:39.691 [org.springframework.kafka.KafkaListenerEndpointContainer#0-0-C-1] WARN  org.apache.kafka.clients.NetworkClient - [Consumer clientId=consumer-file-processing-group-1, groupId=file-processing-group] Connection to node -1 (localhost/127.0.0.1:9092) could not be established. Node may not be available.
2026-04-20 17:22:39.692 [org.springframework.kafka.KafkaListenerEndpointContainer#0-0-C-1] WARN  org.apache.kafka.clients.NetworkClient - [Consumer clientId=consumer-file-processing-group-1, groupId=file-processing-group] Bootstrap broker localhost:9092 (id: -1 rack: null) disconnected
2026-04-20 17:22:40.449 [kafka-admin-client-thread | adminclient-2] WARN  org.apache.kafka.clients.NetworkClient - [AdminClient clientId=adminclient-2] Connection to node -1 (localhost/127.0.0.1:9092) could not be established. Node may not be available.
2026-04-20 17:22:40.698 [org.springframework.kafka.KafkaListenerEndpointContainer#0-0-C-1] WARN  org.apache.kafka.clients.NetworkClient - [Consumer clientId=consumer-file-processing-group-1, groupId=file-processing-group] Connection to node -1 (localhost/127.0.0.1:9092) could not be established. Node may not be available.
2026-04-20 17:22:40.699 [org.springframework.kafka.KafkaListenerEndpointContainer#0-0-C-1] WARN  org.apache.kafka.clients.NetworkClient - [Consumer clientId=consumer-file-processing-group-1, groupId=file-processing-group] Bootstrap broker localhost:9092 (id: -1 rack: null) disconnected
2026-04-20 17:22:41.353 [kafka-admin-client-thread | adminclient-2] WARN  org.apache.kafka.clients.NetworkClient - [AdminClient clientId=adminclient-2] Connection to node -1 (localhost/127.0.0.1:9092) could not be established. Node may not be available.
2026-04-20 17:22:41.699 [org.springframework.kafka.KafkaListenerEndpointContainer#0-0-C-1] WARN  org.apache.kafka.clients.NetworkClient - [Consumer clientId=consumer-file-processing-group-1, groupId=file-processing-group] Connection to node -1 (localhost/127.0.0.1:9092) could not be established. Node may not be available.
2026-04-20 17:22:41.700 [org.springframework.kafka.KafkaListenerEndpointContainer#0-0-C-1] WARN  org.apache.kafka.clients.NetworkClient - [Consumer clientId=consumer-file-processing-group-1, groupId=file-processing-group] Bootstrap broker localhost:9092 (id: -1 rack: null) disconnected
2026-04-20 17:22:42.380 [kafka-admin-client-thread | adminclient-2] WARN  org.apache.kafka.clients.NetworkClient - [AdminClient clientId=adminclient-2] Connection to node -1 (localhost/127.0.0.1:9092) could not be established. Node may not be available.
2026-04-20 17:22:42.614 [org.springframework.kafka.KafkaListenerEndpointContainer#0-0-C-1] WARN  org.apache.kafka.clients.NetworkClient - [Consumer clientId=consumer-file-processing-group-2, groupId=file-processing-group] Connection to node -1 (localhost/127.0.0.1:9092) could not be established. Node may not be available.
2026-04-20 17:22:42.615 [org.springframework.kafka.KafkaListenerEndpointContainer#0-0-C-1] WARN  org.apache.kafka.clients.NetworkClient - [Consumer clientId=consumer-file-processing-group-2, groupId=file-processing-group] Bootstrap broker localhost:9092 (id: -1 rack: null) disconnected
2026-04-20 17:22:42.620 [main] INFO  c.y.smartpai.service.UploadServicePerformanceTest - Started UploadServicePerformanceTest in 82.532 seconds (process running for 317.896)
2026-04-20 17:22:42.623 [main] INFO  com.yizhaoqi.smartpai.config.AdminUserInitializer - 检查管理员账号是否存在: admin
2026-04-20 17:22:42.628 [main] INFO  com.yizhaoqi.smartpai.config.AdminUserInitializer - 开始创建管理员账号: admin
2026-04-20 17:22:42.711 [org.springframework.kafka.KafkaListenerEndpointContainer#0-0-C-1] WARN  org.apache.kafka.clients.NetworkClient - [Consumer clientId=consumer-file-processing-group-2, groupId=file-processing-group] Connection to node -1 (localhost/127.0.0.1:9092) could not be established. Node may not be available.
2026-04-20 17:22:42.711 [main] INFO  com.yizhaoqi.smartpai.config.AdminUserInitializer - 管理员账号 'admin' 创建成功
2026-04-20 17:22:42.712 [org.springframework.kafka.KafkaListenerEndpointContainer#0-0-C-1] WARN  org.apache.kafka.clients.NetworkClient - [Consumer clientId=consumer-file-processing-group-2, groupId=file-processing-group] Bootstrap broker localhost:9092 (id: -1 rack: null) disconnected
2026-04-20 17:22:42.714 [main] INFO  com.yizhaoqi.smartpai.config.OrgTagInitializer - 检查组织标签是否存在: default
2026-04-20 17:22:42.717 [main] INFO  com.yizhaoqi.smartpai.config.OrgTagInitializer - 创建组织标签: default
2026-04-20 17:22:42.728 [org.springframework.kafka.KafkaListenerEndpointContainer#0-0-C-1] WARN  org.apache.kafka.clients.NetworkClient - [Consumer clientId=consumer-file-processing-group-1, groupId=file-processing-group] Connection to node -1 (localhost/127.0.0.1:9092) could not be established. Node may not be available.
2026-04-20 17:22:42.728 [main] INFO  com.yizhaoqi.smartpai.config.OrgTagInitializer - 组织标签 'default' 创建成功
2026-04-20 17:22:42.729 [org.springframework.kafka.KafkaListenerEndpointContainer#0-0-C-1] WARN  org.apache.kafka.clients.NetworkClient - [Consumer clientId=consumer-file-processing-group-1, groupId=file-processing-group] Bootstrap broker localhost:9092 (id: -1 rack: null) disconnected
2026-04-20 17:22:42.730 [main] INFO  com.yizhaoqi.smartpai.config.OrgTagInitializer - 检查组织标签是否存在: admin
2026-04-20 17:22:42.732 [main] INFO  com.yizhaoqi.smartpai.config.OrgTagInitializer - 创建组织标签: admin
2026-04-20 17:22:42.739 [main] INFO  com.yizhaoqi.smartpai.config.OrgTagInitializer - 组织标签 'admin' 创建成功
2026-04-20 17:22:42.740 [main] INFO  com.yizhaoqi.smartpai.config.OrgTagInitializer - 组织标签初始化完成
2026-04-20 17:22:42.749 [main] INFO  c.y.smartpai.service.UploadServicePerformanceTest - === UploadService 性能优化说明 ===
2026-04-20 17:22:42.749 [main] INFO  c.y.smartpai.service.UploadServicePerformanceTest - 优化前：逐个查询Redis，1000个分片需要1000次网络往返
2026-04-20 17:22:42.750 [main] INFO  c.y.smartpai.service.UploadServicePerformanceTest - 优化后：一次性获取bitmap，1000个分片只需要1次网络往返
2026-04-20 17:22:42.750 [main] INFO  c.y.smartpai.service.UploadServicePerformanceTest - 预期性能提升：约100-1000倍（取决于分片数量和网络延迟）
2026-04-20 17:22:42.751 [main] INFO  c.y.smartpai.service.UploadServicePerformanceTest - ==========================================
2026-04-20 17:22:42.752 [main] INFO  c.y.smartpai.service.UploadServicePerformanceTest - 模拟 1000 个分片的性能对比：
2026-04-20 17:22:42.752 [main] INFO  c.y.smartpai.service.UploadServicePerformanceTest - 优化前耗时：3000ms
2026-04-20 17:22:42.753 [main] INFO  c.y.smartpai.service.UploadServicePerformanceTest - 优化后耗时：4ms
2026-04-20 17:22:42.753 [main] INFO  c.y.smartpai.service.UploadServicePerformanceTest - 性能提升：750倍
]]></system-out>
  </testcase>
</testsuite>