<?xml version="1.0" encoding="UTF-8"?>
<testsuite xmlns:xsi="http://www.w3.org/2001/XMLSchema-instance" xsi:noNamespaceSchemaLocation="https://maven.apache.org/surefire/maven-surefire-plugin/xsd/surefire-test-report.xsd" version="3.0.2" name="com.yizhaoqi.smartpai.service.ParseServiceTest" time="190.669" tests="6" errors="0" skipped="0" failures="0">
  <properties>
[...]
</properties>
  <testcase name="testSplitLongSentence_EmptyText" classname="com.yizhaoqi.smartpai.service.ParseServiceTest" time="1.188">
    <system-out><![CDATA[17:18:08.189 [main] INFO org.springframework.test.context.support.AnnotationConfigContextLoaderUtils -- Could not detect default configuration classes for test class [com.yizhaoqi.smartpai.service.ParseServiceTest]: ParseServiceTest does not declare any static, non-private, non-final, nested classes annotated with @Configuration.
17:18:13.485 [main] INFO org.springframework.boot.test.context.SpringBootTestContextBootstrapper -- Found @SpringBootConfiguration com.yizhaoqi.smartpai.SmartPaiApplication for test class com.yizhaoqi.smartpai.service.ParseServiceTest
17:17:47,013 |-INFO in ch.qos.logback.classic.LoggerContext[default] - This is logback-classic version 1.5.16
17:17:47,054 |-INFO in ch.qos.logback.classic.util.ContextInitializer@3921e96f - Here is a list of configurators discovered as a service, by rank: 
17:17:47,054 |-INFO in ch.qos.logback.classic.util.ContextInitializer@3921e96f -   org.springframework.boot.logging.logback.RootLogLevelConfigurator
17:17:47,054 |-INFO in ch.qos.logback.classic.util.ContextInitializer@3921e96f - They will be invoked in order until ExecutionStatus.DO_NOT_INVOKE_NEXT_IF_ANY is returned.
17:17:47,054 |-INFO in ch.qos.logback.classic.util.ContextInitializer@3921e96f - Constructed configurator of type class org.springframework.boot.logging.logback.RootLogLevelConfigurator
17:17:47,076 |-INFO in ch.qos.logback.classic.util.ContextInitializer@3921e96f - org.springframework.boot.logging.logback.RootLogLevelConfigurator.configure() call lasted 11 milliseconds. ExecutionStatus=INVOKE_NEXT_IF_ANY
17:17:47,076 |-INFO in ch.qos.logback.classic.util.ContextInitializer@3921e96f - Trying to configure with ch.qos.logback.classic.joran.SerializedModelConfigurator
17:17:47,084 |-INFO in ch.qos.logback.classic.util.ContextInitializer@3921e96f - Constructed configurator of type class ch.qos.logback.classic.joran.SerializedModelConfigurator
17:17:47,092 |-INFO in ch.qos.logback.classic.LoggerContext[default] - Could NOT find resource [logback-test.scmo]
17:17:47,099 |-INFO in ch.qos.logback.classic.LoggerContext[default] - Could NOT find resource [logback.scmo]
17:17:47,099 |-INFO in ch.qos.logback.classic.util.ContextInitializer@3921e96f - ch.qos.logback.classic.joran.SerializedModelConfigurator.configure() call lasted 15 milliseconds. ExecutionStatus=INVOKE_NEXT_IF_ANY
17:17:47,099 |-INFO in ch.qos.logback.classic.util.ContextInitializer@3921e96f - Trying to configure with ch.qos.logback.classic.util.DefaultJoranConfigurator
17:17:47,105 |-INFO in ch.qos.logback.classic.util.ContextInitializer@3921e96f - Constructed configurator of type class ch.qos.logback.classic.util.DefaultJoranConfigurator
17:17:47,112 |-INFO in ch.qos.logback.classic.LoggerContext[default] - Could NOT find resource [logback-test.xml]
17:17:47,116 |-INFO in ch.qos.logback.classic.LoggerContext[default] - Could NOT find resource [logback.xml]
17:17:47,116 |-INFO in ch.qos.logback.classic.util.ContextInitializer@3921e96f - ch.qos.logback.classic.util.DefaultJoranConfigurator.configure() call lasted 11 milliseconds. ExecutionStatus=INVOKE_NEXT_IF_ANY
17:17:47,116 |-INFO in ch.qos.logback.classic.util.ContextInitializer@3921e96f - Trying to configure with ch.qos.logback.classic.BasicConfigurator
17:17:47,148 |-INFO in ch.qos.logback.classic.util.ContextInitializer@3921e96f - Constructed configurator of type class ch.qos.logback.classic.BasicConfigurator
17:17:47,148 |-INFO in ch.qos.logback.classic.BasicConfigurator@6fad5ace - Setting up default configuration.
17:17:47,329 |-INFO in ch.qos.logback.core.ConsoleAppender[console] - BEWARE: Writing to the console can be very slow. Avoid logging to the 
17:17:47,329 |-INFO in ch.qos.logback.core.ConsoleAppender[console] - console in production environments, especially in high volume systems.
17:17:47,329 |-INFO in ch.qos.logback.core.ConsoleAppender[console] - See also https://logback.qos.ch/codes.html#slowConsole
17:17:47,334 |-INFO in ch.qos.logback.classic.util.ContextInitializer@3921e96f - ch.qos.logback.classic.BasicConfigurator.configure() call lasted 186 milliseconds. ExecutionStatus=NEUTRAL
17:18:21,166 |-INFO in ch.qos.logback.core.model.processor.AppenderModelHandler - Processing appender named [CONSOLE]
17:18:21,166 |-INFO in ch.qos.logback.core.model.processor.AppenderModelHandler - About to instantiate appender of type [ch.qos.logback.core.ConsoleAppender]
17:18:21,581 |-INFO in ch.qos.logback.core.ConsoleAppender[CONSOLE] - BEWARE: Writing to the console can be very slow. Avoid logging to the 
17:18:21,581 |-INFO in ch.qos.logback.core.ConsoleAppender[CONSOLE] - console in production environments, especially in high volume systems.
17:18:21,581 |-INFO in ch.qos.logback.core.ConsoleAppender[CONSOLE] - See also https://logback.qos.ch/codes.html#slowConsole
17:18:21,581 |-INFO in ch.qos.logback.core.model.processor.AppenderModelHandler - Processing appender named [FILE]
17:18:21,581 |-INFO in ch.qos.logback.core.model.processor.AppenderModelHandler - About to instantiate appender of type [ch.qos.logback.core.rolling.RollingFileAppender]
17:18:21,646 |-INFO in ch.qos.logback.core.model.processor.ModelInterpretationContext@632dc41 - value "./logs/smartpai.%d{yyyy-MM-dd}.log" substituted for "${LOG_HOME}/smartpai.%d{yyyy-MM-dd}.log"
17:18:21,700 |-INFO in c.q.l.core.rolling.TimeBasedRollingPolicy@905376005 - No compression will be used
17:18:21,717 |-INFO in c.q.l.core.rolling.TimeBasedRollingPolicy@905376005 - Will use the pattern ./logs/smartpai.%d{yyyy-MM-dd}.log for the active file
17:18:21,766 |-INFO in c.q.l.core.rolling.DefaultTimeBasedFileNamingAndTriggeringPolicy - The date pattern is 'yyyy-MM-dd' from file name pattern './logs/smartpai.%d{yyyy-MM-dd}.log'.
17:18:21,767 |-INFO in c.q.l.core.rolling.DefaultTimeBasedFileNamingAndTriggeringPolicy - Roll-over at midnight.
17:18:21,767 |-INFO in c.q.l.core.rolling.DefaultTimeBasedFileNamingAndTriggeringPolicy - Setting initial period to 2026-04-20T17:18:21.767Z
17:18:21,815 |-WARN in ch.qos.logback.core.rolling.RollingFileAppender[FILE] - A triggering policy of type TimeBasedRollingPolicy was already set.
17:18:21,816 |-WARN in ch.qos.logback.core.rolling.RollingFileAppender[FILE] - Note that TimeBasedRollingPolicy doubles as a RollingPolicy
17:18:21,816 |-WARN in ch.qos.logback.core.rolling.RollingFileAppender[FILE] - See also https://logback.qos.ch/codes.html#rfa_reset_rp_or_tp
17:18:21,816 |-INFO in ch.qos.logback.core.rolling.RollingFileAppender[FILE] - Active log file name: ./logs/smartpai.2026-04-20.log
17:18:21,816 |-INFO in ch.qos.logback.core.rolling.RollingFileAppender[FILE] - File property is set to [null]
17:18:21,836 |-INFO in ch.qos.logback.core.model.processor.AppenderModelHandler - Processing appender named [ERROR_FILE]
17:18:21,836 |-INFO in ch.qos.logback.core.model.processor.AppenderModelHandler - About to instantiate appender of type [ch.qos.logback.core.rolling.RollingFileAppender]
17:18:21,867 |-INFO in ch.qos.logback.core.model.processor.ModelInterpretationContext@632dc41 - value "./logs/error.%d{yyyy-MM-dd}.log" substituted for "${LOG_HOME}/error.%d{yyyy-MM-dd}.log"
17:18:21,868 |-INFO in c.q.l.core.rolling.TimeBasedRollingPolicy@61480005 - No compression will be used
17:18:21,868 |-INFO in c.q.l.core.rolling.TimeBasedRollingPolicy@61480005 - Will use the pattern ./logs/error.%d{yyyy-MM-dd}.log for the active file
17:18:21,869 |-INFO in c.q.l.core.rolling.DefaultTimeBasedFileNamingAndTriggeringPolicy - The date pattern is 'yyyy-MM-dd' from file name pattern './logs/error.%d{yyyy-MM-dd}.log'.
17:18:21,869 |-INFO in c.q.l.core.rolling.DefaultTimeBasedFileNamingAndTriggeringPolicy - Roll-over at midnight.
17:18:21,870 |-INFO in c.q.l.core.rolling.DefaultTimeBasedFileNamingAndTriggeringPolicy - Setting initial period to 2026-04-20T17:18:21.870Z
17:18:21,871 |-INFO in ch.qos.logback.core.rolling.RollingFileAppender[ERROR_FILE] - Active log file name: ./logs/error.2026-04-20.log
17:18:21,871 |-INFO in ch.qos.logback.core.rolling.RollingFileAppender[ERROR_FILE] - File property is set to [null]
17:18:21,877 |-INFO in ch.qos.logback.core.model.processor.AppenderModelHandler - Processing appender named [BUSINESS_FILE]
17:18:21,877 |-INFO in ch.qos.logback.core.model.processor.AppenderModelHandler - About to instantiate appender of type [ch.qos.logback.core.rolling.RollingFileAppender]
17:18:21,877 |-INFO in ch.qos.logback.core.model.processor.ModelInterpretationContext@632dc41 - value "./logs/business.%d{yyyy-MM-dd}.log" substituted for "${LOG_HOME}/business.%d{yyyy-MM-dd}.log"
17:18:21,878 |-INFO in c.q.l.core.rolling.TimeBasedRollingPolicy@114580948 - No compression will be used
17:18:21,878 |-INFO in c.q.l.core.rolling.TimeBasedRollingPolicy@114580948 - Will use the pattern ./logs/business.%d{yyyy-MM-dd}.log for the active file
17:18:21,878 |-INFO in c.q.l.core.rolling.DefaultTimeBasedFileNamingAndTriggeringPolicy - The date pattern is 'yyyy-MM-dd' from file name pattern './logs/business.%d{yyyy-MM-dd}.log'.
17:18:21,878 |-INFO in c.q.l.core.rolling.DefaultTimeBasedFileNamingAndTriggeringPolicy - Roll-over at midnight.
17:18:21,878 |-INFO in c.q.l.core.rolling.DefaultTimeBasedFileNamingAndTriggeringPolicy - Setting initial period to 2026-04-20T17:18:21.878Z
17:18:21,879 |-INFO in ch.qos.logback.core.rolling.RollingFileAppender[BUSINESS_FILE] - Active log file name: ./logs/business.2026-04-20.log
17:18:21,879 |-INFO in ch.qos.logback.core.rolling.RollingFileAppender[BUSINESS_FILE] - File property is set to [null]
17:18:21,884 |-INFO in ch.qos.logback.core.model.processor.AppenderModelHandler - Processing appender named [PERFORMANCE_FILE]
17:18:21,884 |-INFO in ch.qos.logback.core.model.processor.AppenderModelHandler - About to instantiate appender of type [ch.qos.logback.core.rolling.RollingFileAppender]
17:18:21,884 |-INFO in ch.qos.logback.core.model.processor.ModelInterpretationContext@632dc41 - value "./logs/performance.%d{yyyy-MM-dd}.log" substituted for "${LOG_HOME}/performance.%d{yyyy-MM-dd}.log"
17:18:21,884 |-INFO in c.q.l.core.rolling.TimeBasedRollingPolicy@370428315 - No compression will be used
17:18:21,884 |-INFO in c.q.l.core.rolling.TimeBasedRollingPolicy@370428315 - Will use the pattern ./logs/performance.%d{yyyy-MM-dd}.log for the active file
17:18:21,885 |-INFO in c.q.l.core.rolling.DefaultTimeBasedFileNamingAndTriggeringPolicy - The date pattern is 'yyyy-MM-dd' from file name pattern './logs/performance.%d{yyyy-MM-dd}.log'.
17:18:21,885 |-INFO in c.q.l.core.rolling.DefaultTimeBasedFileNamingAndTriggeringPolicy - Roll-over at midnight.
17:18:21,886 |-INFO in c.q.l.core.rolling.DefaultTimeBasedFileNamingAndTriggeringPolicy - Setting initial period to 2026-04-20T17:18:21.886Z
17:18:21,886 |-INFO in ch.qos.logback.core.rolling.RollingFileAppender[PERFORMANCE_FILE] - Active log file name: ./logs/performance.2026-04-20.log
17:18:21,886 |-INFO in ch.qos.logback.core.rolling.RollingFileAppender[PERFORMANCE_FILE] - File property is set to [null]
17:18:21,896 |-INFO in ch.qos.logback.classic.model.processor.LoggerModelHandler - Setting level of logger [com.yizhaoqi.smartpai] to INFO
17:18:21,900 |-INFO in ch.qos.logback.classic.jul.LevelChangePropagator@1468fc85 - Propagating INFO level on Logger[com.yizhaoqi.smartpai] onto the JUL framework
17:18:21,907 |-INFO in ch.qos.logback.classic.model.processor.LoggerModelHandler - Setting additivity of logger [com.yizhaoqi.smartpai] to false
17:18:21,907 |-INFO in ch.qos.logback.core.model.processor.AppenderRefModelHandler - Attaching appender named [CONSOLE] to Logger[com.yizhaoqi.smartpai]
17:18:21,907 |-INFO in ch.qos.logback.core.model.processor.AppenderRefModelHandler - Attaching appender named [FILE] to Logger[com.yizhaoqi.smartpai]
17:18:21,907 |-INFO in ch.qos.logback.core.model.processor.AppenderRefModelHandler - Attaching appender named [ERROR_FILE] to Logger[com.yizhaoqi.smartpai]
17:18:21,907 |-INFO in ch.qos.logback.core.model.processor.AppenderRefModelHandler - Attaching appender named [BUSINESS_FILE] to Logger[com.yizhaoqi.smartpai]
17:18:21,908 |-INFO in ch.qos.logback.classic.model.processor.LoggerModelHandler - Setting level of logger [com.yizhaoqi.smartpai.business] to INFO
17:18:21,908 |-INFO in ch.qos.logback.classic.jul.LevelChangePropagator@1468fc85 - Propagating INFO level on Logger[com.yizhaoqi.smartpai.business] onto the JUL framework
17:18:21,908 |-INFO in ch.qos.logback.classic.model.processor.LoggerModelHandler - Setting additivity of logger [com.yizhaoqi.smartpai.business] to false
17:18:21,908 |-INFO in ch.qos.logback.core.model.processor.AppenderRefModelHandler - Attaching appender named [BUSINESS_FILE] to Logger[com.yizhaoqi.smartpai.business]
17:18:21,908 |-INFO in ch.qos.logback.core.model.processor.AppenderRefModelHandler - Attaching appender named [CONSOLE] to Logger[com.yizhaoqi.smartpai.business]
17:18:21,908 |-INFO in ch.qos.logback.classic.model.processor.LoggerModelHandler - Setting level of logger [com.yizhaoqi.smartpai.performance] to INFO
17:18:21,908 |-INFO in ch.qos.logback.classic.jul.LevelChangePropagator@1468fc85 - Propagating INFO level on Logger[com.yizhaoqi.smartpai.performance] onto the JUL framework
17:18:21,908 |-INFO in ch.qos.logback.classic.model.processor.LoggerModelHandler - Setting additivity of logger [com.yizhaoqi.smartpai.performance] to false
17:18:21,908 |-INFO in ch.qos.logback.core.model.processor.AppenderRefModelHandler - Attaching appender named [PERFORMANCE_FILE] to Logger[com.yizhaoqi.smartpai.performance]
17:18:21,908 |-INFO in ch.qos.logback.classic.model.processor.LoggerModelHandler - Setting level of logger [org.springframework] to WARN
17:18:21,908 |-INFO in ch.qos.logback.classic.jul.LevelChangePropagator@1468fc85 - Propagating WARN level on Logger[org.springframework] onto the JUL framework
17:18:21,908 |-INFO in ch.qos.logback.classic.model.processor.LoggerModelHandler - Setting level of logger [org.springframework.web] to INFO
17:18:21,908 |-INFO in ch.qos.logback.classic.jul.LevelChangePropagator@1468fc85 - Propagating INFO level on Logger[org.springframework.web] onto the JUL framework
17:18:21,908 |-INFO in ch.qos.logback.classic.model.processor.LoggerModelHandler - Setting level of logger [org.springframework.security] to INFO
17:18:21,908 |-INFO in ch.qos.logback.classic.jul.LevelChangePropagator@1468fc85 - Propagating INFO level on Logger[org.springframework.security] onto the JUL framework
17:18:21,908 |-INFO in ch.qos.logback.classic.model.processor.LoggerModelHandler - Setting level of logger [org.springframework.boot] to INFO
17:18:21,908 |-INFO in ch.qos.logback.classic.jul.LevelChangePropagator@1468fc85 - Propagating INFO level on Logger[org.springframework.boot] onto the JUL framework
17:18:21,908 |-INFO in ch.qos.logback.classic.model.processor.LoggerModelHandler - Setting level of logger [org.hibernate] to WARN
17:18:21,908 |-INFO in ch.qos.logback.classic.jul.LevelChangePropagator@1468fc85 - Propagating WARN level on Logger[org.hibernate] onto the JUL framework
17:18:21,908 |-INFO in ch.qos.logback.classic.model.processor.LoggerModelHandler - Setting level of logger [org.hibernate.SQL] to INFO
17:18:21,908 |-INFO in ch.qos.logback.classic.jul.LevelChangePropagator@1468fc85 - Propagating INFO level on Logger[org.hibernate.SQL] onto the JUL framework
17:18:21,908 |-INFO in ch.qos.logback.classic.model.processor.LoggerModelHandler - Setting level of logger [org.hibernate.type.descriptor.sql.BasicBinder] to TRACE
17:18:21,908 |-INFO in ch.qos.logback.classic.jul.LevelChangePropagator@1468fc85 - Propagating TRACE level on Logger[org.hibernate.type.descriptor.sql.BasicBinder] onto the JUL framework
17:18:21,908 |-INFO in ch.qos.logback.classic.model.processor.LoggerModelHandler - Setting level of logger [io.minio] to WARN
17:18:21,908 |-INFO in ch.qos.logback.classic.jul.LevelChangePropagator@1468fc85 - Propagating WARN level on Logger[io.minio] onto the JUL framework
17:18:21,908 |-INFO in ch.qos.logback.classic.model.processor.LoggerModelHandler - Setting level of logger [org.apache.kafka] to WARN
17:18:21,908 |-INFO in ch.qos.logback.classic.jul.LevelChangePropagator@1468fc85 - Propagating WARN level on Logger[org.apache.kafka] onto the JUL framework
17:18:21,908 |-INFO in ch.qos.logback.classic.model.processor.LoggerModelHandler - Setting level of logger [org.elasticsearch] to WARN
17:18:21,908 |-INFO in ch.qos.logback.classic.jul.LevelChangePropagator@1468fc85 - Propagating WARN level on Logger[org.elasticsearch] onto the JUL framework
17:18:21,908 |-INFO in ch.qos.logback.classic.model.processor.LoggerModelHandler - Setting level of logger [co.elastic] to WARN
17:18:21,908 |-INFO in ch.qos.logback.classic.jul.LevelChangePropagator@1468fc85 - Propagating WARN level on Logger[co.elastic] onto the JUL framework
17:18:21,909 |-INFO in ch.qos.logback.classic.model.processor.LoggerModelHandler - Setting level of logger [org.apache.tika] to WARN
17:18:21,909 |-INFO in ch.qos.logback.classic.jul.LevelChangePropagator@1468fc85 - Propagating WARN level on Logger[org.apache.tika] onto the JUL framework
17:18:21,909 |-INFO in ch.qos.logback.classic.model.processor.LoggerModelHandler - Setting level of logger [io.netty] to WARN
17:18:21,909 |-INFO in ch.qos.logback.classic.jul.LevelChangePropagator@1468fc85 - Propagating WARN level on Logger[io.netty] onto the JUL framework
17:18:21,909 |-INFO in ch.qos.logback.classic.model.processor.LoggerModelHandler - Setting level of logger [reactor.netty] to WARN
17:18:21,909 |-INFO in ch.qos.logback.classic.jul.LevelChangePropagator@1468fc85 - Propagating WARN level on Logger[reactor.netty] onto the JUL framework
17:18:21,909 |-INFO in ch.qos.logback.classic.model.processor.RootLoggerModelHandler - Setting level of ROOT logger to INFO
17:18:21,909 |-INFO in ch.qos.logback.classic.jul.LevelChangePropagator@1468fc85 - Propagating INFO level on Logger[ROOT] onto the JUL framework
17:18:21,909 |-INFO in ch.qos.logback.core.model.processor.AppenderRefModelHandler - Attaching appender named [CONSOLE] to Logger[ROOT]
17:18:21,909 |-INFO in ch.qos.logback.core.model.processor.AppenderRefModelHandler - Attaching appender named [FILE] to Logger[ROOT]
17:18:21,909 |-INFO in ch.qos.logback.core.model.processor.AppenderRefModelHandler - Attaching appender named [ERROR_FILE] to Logger[ROOT]
17:18:21,909 |-INFO in ch.qos.logback.core.model.processor.DefaultProcessor@47f39279 - End of configuration.
17:18:21,909 |-INFO in org.springframework.boot.logging.logback.SpringBootJoranConfigurator@63ed5dae - Registering current configuration as safe fallback point


  .   ____          _            __ _ _
 /\\ / ___'_ __ _ _(_)_ __  __ _ \ \ \ \
( ( )\___ | '_ | '_| | '_ \/ _` | \ \ \ \
 \\/  ___)| |_)| | | | | || (_| |  ) ) ) )
  '  |____| .__|_| |_|_| |_\__, | / / / /
 =========|_|==============|___/=/_/_/_/

 :: Spring Boot ::                (v3.4.2)

2026-04-20 17:18:22.737 [main] INFO  com.yizhaoqi.smartpai.service.ParseServiceTest - Starting ParseServiceTest using Java 17.0.18 with PID 259 (started by root in /build)
2026-04-20 17:18:22.747 [main] INFO  com.yizhaoqi.smartpai.service.ParseServiceTest - No active profile set, falling back to 1 default profile: "default"
2026-04-20 17:19:27.461 [main] INFO  com.zaxxer.hikari.HikariDataSource - HikariPool-1 - Starting...
2026-04-20 17:19:31.077 [main] INFO  com.zaxxer.hikari.pool.HikariPool - HikariPool-1 - Added connection conn0: url=jdbc:h2:mem:paismart user=SA
2026-04-20 17:19:31.124 [main] INFO  com.zaxxer.hikari.HikariDataSource - HikariPool-1 - Start completed.
2026-04-20 17:19:31.589 [main] WARN  org.hibernate.orm.deprecation - HHH90000025: H2Dialect does not need to be specified explicitly using 'hibernate.dialect' (remove the property setting and it will be selected by default)
2026-04-20 17:20:11.969 [main] INFO  com.yizhaoqi.smartpai.client.EmbeddingClient - EmbeddingClient 初始化 - Provider: aliyun, 模型: Qwen/Qwen3-Embedding-0.6B, 批次大小: 100, 维度: 2048, API地址: https://api.siliconflow.cn/v1
2026-04-20 17:20:17.131 [main] WARN  com.yizhaoqi.smartpai.service.xhs.CookieCipher - xhs.cookie-secret 未设置，使用默认值。生产部署请在环境变量 XHS_COOKIE_SECRET 中覆盖！
2026-04-20 17:20:17.794 [main] INFO  com.yizhaoqi.smartpai.service.tool.ToolRegistry - ToolRegistry 启动完成，已注册 33 个工具：[ask_user_question, bash, creator_export, creator_get_posts, creator_get, creator_post_batch_upsert, creator_screen, creator_search, creator_upsert, fs_edit, fs_read, fs_write, fs_glob, fs_grep, knowledge_search, list_skills, project_roster_add, project_roster_list, qiangua_brand_discover, schedule_create, schedule_delete, schedule_list, sleep, todo_write, tool_search, use_skill, web_fetch, web_search, xhs_download_video, xhs_fetch_pgy_kol, xhs_outreach_comment, xhs_refresh_creator, xhs_search_notes]
2026-04-20 17:20:18.161 [main] INFO  c.y.smartpai.service.agent.context.ContextEngine - ContextEngine 启动，已注册 providers: [system_prompt, long_term_memory, active_skills, recent_history, live_turn]
2026-04-20 17:20:23.367 [main] INFO  com.yizhaoqi.smartpai.service.skill.SkillRegistry - SkillRegistry 全量替换完成，共 10 个 skill
2026-04-20 17:20:23.369 [main] INFO  com.yizhaoqi.smartpai.service.skill.SkillLoader - SkillLoader reload 完成 scanned=10 added=10 updated=0 skipped=0 disabled=0 errors=0 registry=10
2026-04-20 17:20:24.812 [main] WARN  o.s.b.a.o.j.JpaBaseConfiguration$JpaWebConfiguration - spring.jpa.open-in-view is enabled by default. Therefore, database queries may be performed during view rendering. Explicitly configure spring.jpa.open-in-view to disable this warning
2026-04-20 17:20:25.168 [main] INFO  o.s.s.c.a.a.c.InitializeUserDetailsBeanManagerConfigurer$InitializeUserDetailsManagerConfigurer - Global AuthenticationManager configured with UserDetailsService bean with name customUserDetailsService
2026-04-20 17:20:28.173 [main] INFO  com.yizhaoqi.smartpai.config.SecurityConfig - Security configuration loaded successfully.
2026-04-20 17:20:34.551 [kafka-admin-client-thread | adminclient-1] WARN  org.apache.kafka.clients.NetworkClient - [AdminClient clientId=adminclient-1] Connection to node -1 (localhost/127.0.0.1:9092) could not be established. Node may not be available.
2026-04-20 17:20:34.655 [kafka-admin-client-thread | adminclient-1] WARN  org.apache.kafka.clients.NetworkClient - [AdminClient clientId=adminclient-1] Connection to node -1 (localhost/127.0.0.1:9092) could not be established. Node may not be available.
2026-04-20 17:20:34.758 [kafka-admin-client-thread | adminclient-1] WARN  org.apache.kafka.clients.NetworkClient - [AdminClient clientId=adminclient-1] Connection to node -1 (localhost/127.0.0.1:9092) could not be established. Node may not be available.
2026-04-20 17:20:34.960 [kafka-admin-client-thread | adminclient-1] WARN  org.apache.kafka.clients.NetworkClient - [AdminClient clientId=adminclient-1] Connection to node -1 (localhost/127.0.0.1:9092) could not be established. Node may not be available.
2026-04-20 17:20:35.464 [kafka-admin-client-thread | adminclient-1] WARN  org.apache.kafka.clients.NetworkClient - [AdminClient clientId=adminclient-1] Connection to node -1 (localhost/127.0.0.1:9092) could not be established. Node may not be available.
2026-04-20 17:20:36.470 [kafka-admin-client-thread | adminclient-1] WARN  org.apache.kafka.clients.NetworkClient - [AdminClient clientId=adminclient-1] Connection to node -1 (localhost/127.0.0.1:9092) could not be established. Node may not be available.
2026-04-20 17:20:37.477 [kafka-admin-client-thread | adminclient-1] WARN  org.apache.kafka.clients.NetworkClient - [AdminClient clientId=adminclient-1] Connection to node -1 (localhost/127.0.0.1:9092) could not be established. Node may not be available.
2026-04-20 17:20:38.482 [kafka-admin-client-thread | adminclient-1] WARN  org.apache.kafka.clients.NetworkClient - [AdminClient clientId=adminclient-1] Connection to node -1 (localhost/127.0.0.1:9092) could not be established. Node may not be available.
2026-04-20 17:20:39.390 [kafka-admin-client-thread | adminclient-1] WARN  org.apache.kafka.clients.NetworkClient - [AdminClient clientId=adminclient-1] Connection to node -1 (localhost/127.0.0.1:9092) could not be established. Node may not be available.
2026-04-20 17:20:40.293 [kafka-admin-client-thread | adminclient-1] WARN  org.apache.kafka.clients.NetworkClient - [AdminClient clientId=adminclient-1] Connection to node -1 (localhost/127.0.0.1:9092) could not be established. Node may not be available.
2026-04-20 17:20:41.300 [kafka-admin-client-thread | adminclient-1] WARN  org.apache.kafka.clients.NetworkClient - [AdminClient clientId=adminclient-1] Connection to node -1 (localhost/127.0.0.1:9092) could not be established. Node may not be available.
2026-04-20 17:20:42.308 [kafka-admin-client-thread | adminclient-1] WARN  org.apache.kafka.clients.NetworkClient - [AdminClient clientId=adminclient-1] Connection to node -1 (localhost/127.0.0.1:9092) could not be established. Node may not be available.
2026-04-20 17:20:43.315 [kafka-admin-client-thread | adminclient-1] WARN  org.apache.kafka.clients.NetworkClient - [AdminClient clientId=adminclient-1] Connection to node -1 (localhost/127.0.0.1:9092) could not be established. Node may not be available.
2026-04-20 17:20:44.320 [kafka-admin-client-thread | adminclient-1] WARN  org.apache.kafka.clients.NetworkClient - [AdminClient clientId=adminclient-1] Connection to node -1 (localhost/127.0.0.1:9092) could not be established. Node may not be available.
2026-04-20 17:20:45.327 [kafka-admin-client-thread | adminclient-1] WARN  org.apache.kafka.clients.NetworkClient - [AdminClient clientId=adminclient-1] Connection to node -1 (localhost/127.0.0.1:9092) could not be established. Node may not be available.
2026-04-20 17:20:46.336 [kafka-admin-client-thread | adminclient-1] WARN  org.apache.kafka.clients.NetworkClient - [AdminClient clientId=adminclient-1] Connection to node -1 (localhost/127.0.0.1:9092) could not be established. Node may not be available.
2026-04-20 17:20:47.250 [kafka-admin-client-thread | adminclient-1] WARN  org.apache.kafka.clients.NetworkClient - [AdminClient clientId=adminclient-1] Connection to node -1 (localhost/127.0.0.1:9092) could not be established. Node may not be available.
2026-04-20 17:20:48.262 [kafka-admin-client-thread | adminclient-1] WARN  org.apache.kafka.clients.NetworkClient - [AdminClient clientId=adminclient-1] Connection to node -1 (localhost/127.0.0.1:9092) could not be established. Node may not be available.
2026-04-20 17:20:49.268 [kafka-admin-client-thread | adminclient-1] WARN  org.apache.kafka.clients.NetworkClient - [AdminClient clientId=adminclient-1] Connection to node -1 (localhost/127.0.0.1:9092) could not be established. Node may not be available.
2026-04-20 17:20:50.173 [kafka-admin-client-thread | adminclient-1] WARN  org.apache.kafka.clients.NetworkClient - [AdminClient clientId=adminclient-1] Connection to node -1 (localhost/127.0.0.1:9092) could not be established. Node may not be available.
2026-04-20 17:20:51.201 [kafka-admin-client-thread | adminclient-1] WARN  org.apache.kafka.clients.NetworkClient - [AdminClient clientId=adminclient-1] Connection to node -1 (localhost/127.0.0.1:9092) could not be established. Node may not be available.
2026-04-20 17:20:52.208 [kafka-admin-client-thread | adminclient-1] WARN  org.apache.kafka.clients.NetworkClient - [AdminClient clientId=adminclient-1] Connection to node -1 (localhost/127.0.0.1:9092) could not be established. Node may not be available.
2026-04-20 17:20:53.123 [kafka-admin-client-thread | adminclient-1] WARN  org.apache.kafka.clients.NetworkClient - [AdminClient clientId=adminclient-1] Connection to node -1 (localhost/127.0.0.1:9092) could not be established. Node may not be available.
2026-04-20 17:20:54.128 [kafka-admin-client-thread | adminclient-1] WARN  org.apache.kafka.clients.NetworkClient - [AdminClient clientId=adminclient-1] Connection to node -1 (localhost/127.0.0.1:9092) could not be established. Node may not be available.
2026-04-20 17:20:55.147 [kafka-admin-client-thread | adminclient-1] WARN  org.apache.kafka.clients.NetworkClient - [AdminClient clientId=adminclient-1] Connection to node -1 (localhost/127.0.0.1:9092) could not be established. Node may not be available.
2026-04-20 17:20:56.154 [kafka-admin-client-thread | adminclient-1] WARN  org.apache.kafka.clients.NetworkClient - [AdminClient clientId=adminclient-1] Connection to node -1 (localhost/127.0.0.1:9092) could not be established. Node may not be available.
2026-04-20 17:20:57.160 [kafka-admin-client-thread | adminclient-1] WARN  org.apache.kafka.clients.NetworkClient - [AdminClient clientId=adminclient-1] Connection to node -1 (localhost/127.0.0.1:9092) could not be established. Node may not be available.
2026-04-20 17:20:58.170 [kafka-admin-client-thread | adminclient-1] WARN  org.apache.kafka.clients.NetworkClient - [AdminClient clientId=adminclient-1] Connection to node -1 (localhost/127.0.0.1:9092) could not be established. Node may not be available.
2026-04-20 17:20:59.078 [kafka-admin-client-thread | adminclient-1] WARN  org.apache.kafka.clients.NetworkClient - [AdminClient clientId=adminclient-1] Connection to node -1 (localhost/127.0.0.1:9092) could not be established. Node may not be available.
2026-04-20 17:21:00.084 [kafka-admin-client-thread | adminclient-1] WARN  org.apache.kafka.clients.NetworkClient - [AdminClient clientId=adminclient-1] Connection to node -1 (localhost/127.0.0.1:9092) could not be established. Node may not be available.
2026-04-20 17:21:01.090 [kafka-admin-client-thread | adminclient-1] WARN  org.apache.kafka.clients.NetworkClient - [AdminClient clientId=adminclient-1] Connection to node -1 (localhost/127.0.0.1:9092) could not be established. Node may not be available.
2026-04-20 17:21:01.996 [kafka-admin-client-thread | adminclient-1] WARN  org.apache.kafka.clients.NetworkClient - [AdminClient clientId=adminclient-1] Connection to node -1 (localhost/127.0.0.1:9092) could not be established. Node may not be available.
2026-04-20 17:21:03.006 [kafka-admin-client-thread | adminclient-1] WARN  org.apache.kafka.clients.NetworkClient - [AdminClient clientId=adminclient-1] Connection to node -1 (localhost/127.0.0.1:9092) could not be established. Node may not be available.
2026-04-20 17:21:04.014 [kafka-admin-client-thread | adminclient-1] WARN  org.apache.kafka.clients.NetworkClient - [AdminClient clientId=adminclient-1] Connection to node -1 (localhost/127.0.0.1:9092) could not be established. Node may not be available.
2026-04-20 17:21:04.453 [main] ERROR org.springframework.kafka.core.KafkaAdmin - Could not configure topics
org.springframework.kafka.KafkaException: Timed out waiting to get existing topics
	at org.springframework.kafka.core.KafkaAdmin.lambda$checkPartitions$13(KafkaAdmin.java:539)
	at java.base/java.util.HashMap.forEach(HashMap.java:1421)
	at java.base/java.util.Collections$UnmodifiableMap.forEach(Collections.java:1554)
	at org.springframework.kafka.core.KafkaAdmin.checkPartitions(KafkaAdmin.java:518)
	at org.springframework.kafka.core.KafkaAdmin.addOrModifyTopicsIfNeeded(KafkaAdmin.java:411)
	at org.springframework.kafka.core.KafkaAdmin.initialize(KafkaAdmin.java:263)
	at org.springframework.kafka.core.KafkaAdmin.afterSingletonsInstantiated(KafkaAdmin.java:227)
	at org.springframework.beans.factory.support.DefaultListableBeanFactory.preInstantiateSingletons(DefaultListableBeanFactory.java:1057)
	at org.springframework.context.support.AbstractApplicationContext.finishBeanFactoryInitialization(AbstractApplicationContext.java:987)
	at org.springframework.context.support.AbstractApplicationContext.refresh(AbstractApplicationContext.java:627)
	at org.springframework.boot.SpringApplication.refresh(SpringApplication.java:752)
	at org.springframework.boot.SpringApplication.refreshContext(SpringApplication.java:439)
	at org.springframework.boot.SpringApplication.run(SpringApplication.java:318)
	at org.springframework.boot.test.context.SpringBootContextLoader.lambda$loadContext$3(SpringBootContextLoader.java:137)
	at org.springframework.util.function.ThrowingSupplier.get(ThrowingSupplier.java:58)
	at org.springframework.util.function.ThrowingSupplier.get(ThrowingSupplier.java:46)
	at org.springframework.boot.SpringApplication.withHook(SpringApplication.java:1461)
	at org.springframework.boot.test.context.SpringBootContextLoader$ContextLoaderHook.run(SpringBootContextLoader.java:553)
	at org.springframework.boot.test.context.SpringBootContextLoader.loadContext(SpringBootContextLoader.java:137)
	at org.springframework.boot.test.context.SpringBootContextLoader.loadContext(SpringBootContextLoader.java:108)
	at org.springframework.test.context.cache.DefaultCacheAwareContextLoaderDelegate.loadContextInternal(DefaultCacheAwareContextLoaderDelegate.java:225)
	at org.springframework.test.context.cache.DefaultCacheAwareContextLoaderDelegate.loadContext(DefaultCacheAwareContextLoaderDelegate.java:152)
	at org.springframework.test.context.support.DefaultTestContext.getApplicationContext(DefaultTestContext.java:130)
	at org.springframework.test.context.web.ServletTestExecutionListener.setUpRequestContextIfNecessary(ServletTestExecutionListener.java:191)
	at org.springframework.test.context.web.ServletTestExecutionListener.prepareTestInstance(ServletTestExecutionListener.java:130)
	at org.springframework.test.context.TestContextManager.prepareTestInstance(TestContextManager.java:260)
	at org.springframework.test.context.junit.jupiter.SpringExtension.postProcessTestInstance(SpringExtension.java:160)
	at org.junit.jupiter.engine.descriptor.ClassBasedTestDescriptor.lambda$invokeTestInstancePostProcessors$11(ClassBasedTestDescriptor.java:378)
	at org.junit.jupiter.engine.descriptor.ClassBasedTestDescriptor.executeAndMaskThrowable(ClassBasedTestDescriptor.java:383)
	at org.junit.jupiter.engine.descriptor.ClassBasedTestDescriptor.lambda$invokeTestInstancePostProcessors$12(ClassBasedTestDescriptor.java:378)
	at java.base/java.util.stream.ForEachOps$ForEachOp$OfRef.accept(ForEachOps.java:183)
	at java.base/java.util.stream.ReferencePipeline$3$1.accept(ReferencePipeline.java:197)
	at java.base/java.util.stream.ReferencePipeline$2$1.accept(ReferencePipeline.java:179)
	at java.base/java.util.stream.ReferencePipeline$3$1.accept(ReferencePipeline.java:197)
	at java.base/java.util.ArrayList$ArrayListSpliterator.forEachRemaining(ArrayList.java:1625)
	at java.base/java.util.stream.AbstractPipeline.copyInto(AbstractPipeline.java:509)
	at java.base/java.util.stream.AbstractPipeline.wrapAndCopyInto(AbstractPipeline.java:499)
	at java.base/java.util.stream.ForEachOps$ForEachOp.evaluateSequential(ForEachOps.java:150)
	at java.base/java.util.stream.ForEachOps$ForEachOp$OfRef.evaluateSequential(ForEachOps.java:173)
	at java.base/java.util.stream.AbstractPipeline.evaluate(AbstractPipeline.java:234)
	at java.base/java.util.stream.ReferencePipeline.forEach(ReferencePipeline.java:596)
	at org.junit.jupiter.engine.descriptor.ClassBasedTestDescriptor.invokeTestInstancePostProcessors(ClassBasedTestDescriptor.java:377)
	at org.junit.jupiter.engine.descriptor.ClassBasedTestDescriptor.lambda$instantiateAndPostProcessTestInstance$7(ClassBasedTestDescriptor.java:290)
	at org.junit.platform.engine.support.hierarchical.ThrowableCollector.execute(ThrowableCollector.java:73)
	at org.junit.jupiter.engine.descriptor.ClassBasedTestDescriptor.instantiateAndPostProcessTestInstance(ClassBasedTestDescriptor.java:289)
	at org.junit.jupiter.engine.descriptor.ClassBasedTestDescriptor.lambda$testInstancesProvider$5(ClassBasedTestDescriptor.java:279)
	at java.base/java.util.Optional.orElseGet(Optional.java:364)
	at org.junit.jupiter.engine.descriptor.ClassBasedTestDescriptor.lambda$testInstancesProvider$6(ClassBasedTestDescriptor.java:278)
	at org.junit.jupiter.engine.execution.TestInstancesProvider.getTestInstances(TestInstancesProvider.java:31)
	at org.junit.jupiter.engine.descriptor.TestMethodTestDescriptor.lambda$prepare$1(TestMethodTestDescriptor.java:105)
	at org.junit.platform.engine.support.hierarchical.ThrowableCollector.execute(ThrowableCollector.java:73)
	at org.junit.jupiter.engine.descriptor.TestMethodTestDescriptor.prepare(TestMethodTestDescriptor.java:104)
	at org.junit.jupiter.engine.descriptor.TestMethodTestDescriptor.prepare(TestMethodTestDescriptor.java:68)
	at org.junit.platform.engine.support.hierarchical.NodeTestTask.lambda$prepare$2(NodeTestTask.java:128)
	at org.junit.platform.engine.support.hierarchical.ThrowableCollector.execute(ThrowableCollector.java:73)
	at org.junit.platform.engine.support.hierarchical.NodeTestTask.prepare(NodeTestTask.java:128)
	at org.junit.platform.engine.support.hierarchical.NodeTestTask.execute(NodeTestTask.java:95)
	at java.base/java.util.ArrayList.forEach(ArrayList.java:1511)
	at org.junit.platform.engine.support.hierarchical.SameThreadHierarchicalTestExecutorService.invokeAll(SameThreadHierarchicalTestExecutorService.java:41)
	at org.junit.platform.engine.support.hierarchical.NodeTestTask.lambda$executeRecursively$6(NodeTestTask.java:160)
	at org.junit.platform.engine.support.hierarchical.ThrowableCollector.execute(ThrowableCollector.java:73)
	at org.junit.platform.engine.support.hierarchical.NodeTestTask.lambda$executeRecursively$8(NodeTestTask.java:146)
	at org.junit.platform.engine.support.hierarchical.Node.around(Node.java:137)
	at org.junit.platform.engine.support.hierarchical.NodeTestTask.lambda$executeRecursively$9(NodeTestTask.java:144)
	at org.junit.platform.engine.support.hierarchical.ThrowableCollector.execute(ThrowableCollector.java:73)
	at org.junit.platform.engine.support.hierarchical.NodeTestTask.executeRecursively(NodeTestTask.java:143)
	at org.junit.platform.engine.support.hierarchical.NodeTestTask.execute(NodeTestTask.java:100)
	at java.base/java.util.ArrayList.forEach(ArrayList.java:1511)
	at org.junit.platform.engine.support.hierarchical.SameThreadHierarchicalTestExecutorService.invokeAll(SameThreadHierarchicalTestExecutorService.java:41)
	at org.junit.platform.engine.support.hierarchical.NodeTestTask.lambda$executeRecursively$6(NodeTestTask.java:160)
	at org.junit.platform.engine.support.hierarchical.ThrowableCollector.execute(ThrowableCollector.java:73)
	at org.junit.platform.engine.support.hierarchical.NodeTestTask.lambda$executeRecursively$8(NodeTestTask.java:146)
	at org.junit.platform.engine.support.hierarchical.Node.around(Node.java:137)
	at org.junit.platform.engine.support.hierarchical.NodeTestTask.lambda$executeRecursively$9(NodeTestTask.java:144)
	at org.junit.platform.engine.support.hierarchical.ThrowableCollector.execute(ThrowableCollector.java:73)
	at org.junit.platform.engine.support.hierarchical.NodeTestTask.executeRecursively(NodeTestTask.java:143)
	at org.junit.platform.engine.support.hierarchical.NodeTestTask.execute(NodeTestTask.java:100)
	at org.junit.platform.engine.support.hierarchical.SameThreadHierarchicalTestExecutorService.submit(SameThreadHierarchicalTestExecutorService.java:35)
	at org.junit.platform.engine.support.hierarchical.HierarchicalTestExecutor.execute(HierarchicalTestExecutor.java:57)
	at org.junit.platform.engine.support.hierarchical.HierarchicalTestEngine.execute(HierarchicalTestEngine.java:54)
	at org.junit.platform.launcher.core.EngineExecutionOrchestrator.execute(EngineExecutionOrchestrator.java:198)
	at org.junit.platform.launcher.core.EngineExecutionOrchestrator.execute(EngineExecutionOrchestrator.java:169)
	at org.junit.platform.launcher.core.EngineExecutionOrchestrator.execute(EngineExecutionOrchestrator.java:93)
	at org.junit.platform.launcher.core.EngineExecutionOrchestrator.lambda$execute$0(EngineExecutionOrchestrator.java:58)
	at org.junit.platform.launcher.core.EngineExecutionOrchestrator.withInterceptedStreams(EngineExecutionOrchestrator.java:141)
	at org.junit.platform.launcher.core.EngineExecutionOrchestrator.execute(EngineExecutionOrchestrator.java:57)
	at org.junit.platform.launcher.core.DefaultLauncher.execute(DefaultLauncher.java:103)
	at org.junit.platform.launcher.core.DefaultLauncher.execute(DefaultLauncher.java:85)
	at org.junit.platform.launcher.core.DelegatingLauncher.execute(DelegatingLauncher.java:47)
	at org.apache.maven.surefire.junitplatform.LazyLauncher.execute(LazyLauncher.java:56)
	at org.apache.maven.surefire.junitplatform.JUnitPlatformProvider.execute(JUnitPlatformProvider.java:184)
	at org.apache.maven.surefire.junitplatform.JUnitPlatformProvider.invokeAllTests(JUnitPlatformProvider.java:148)
	at org.apache.maven.surefire.junitplatform.JUnitPlatformProvider.invoke(JUnitPlatformProvider.java:122)
	at org.apache.maven.surefire.booter.ForkedBooter.runSuitesInProcess(ForkedBooter.java:385)
	at org.apache.maven.surefire.booter.ForkedBooter.execute(ForkedBooter.java:162)
	at org.apache.maven.surefire.booter.ForkedBooter.run(ForkedBooter.java:507)
	at org.apache.maven.surefire.booter.ForkedBooter.main(ForkedBooter.java:495)
Caused by: java.util.concurrent.TimeoutException: null
	at java.base/java.util.concurrent.CompletableFuture.timedGet(CompletableFuture.java:1960)
	at java.base/java.util.concurrent.CompletableFuture.get(CompletableFuture.java:2095)
	at org.apache.kafka.common.internals.KafkaFutureImpl.get(KafkaFutureImpl.java:180)
	at org.springframework.kafka.core.KafkaAdmin.lambda$checkPartitions$13(KafkaAdmin.java:521)
	... 96 common frames omitted
2026-04-20 17:21:04.979 [kafka-admin-client-thread | adminclient-1] WARN  org.apache.kafka.clients.NetworkClient - [AdminClient clientId=adminclient-1] Connection to node -1 (localhost/127.0.0.1:9092) could not be established. Node may not be available.
2026-04-20 17:21:05.986 [kafka-admin-client-thread | adminclient-1] WARN  org.apache.kafka.clients.NetworkClient - [AdminClient clientId=adminclient-1] Connection to node -1 (localhost/127.0.0.1:9092) could not be established. Node may not be available.
2026-04-20 17:21:06.992 [kafka-admin-client-thread | adminclient-1] WARN  org.apache.kafka.clients.NetworkClient - [AdminClient clientId=adminclient-1] Connection to node -1 (localhost/127.0.0.1:9092) could not be established. Node may not be available.
2026-04-20 17:21:07.999 [kafka-admin-client-thread | adminclient-1] WARN  org.apache.kafka.clients.NetworkClient - [AdminClient clientId=adminclient-1] Connection to node -1 (localhost/127.0.0.1:9092) could not be established. Node may not be available.
2026-04-20 17:21:09.005 [kafka-admin-client-thread | adminclient-1] WARN  org.apache.kafka.clients.NetworkClient - [AdminClient clientId=adminclient-1] Connection to node -1 (localhost/127.0.0.1:9092) could not be established. Node may not be available.
2026-04-20 17:21:09.910 [kafka-admin-client-thread | adminclient-1] WARN  org.apache.kafka.clients.NetworkClient - [AdminClient clientId=adminclient-1] Connection to node -1 (localhost/127.0.0.1:9092) could not be established. Node may not be available.
2026-04-20 17:21:10.915 [kafka-admin-client-thread | adminclient-1] WARN  org.apache.kafka.clients.NetworkClient - [AdminClient clientId=adminclient-1] Connection to node -1 (localhost/127.0.0.1:9092) could not be established. Node may not be available.
2026-04-20 17:21:11.921 [kafka-admin-client-thread | adminclient-1] WARN  org.apache.kafka.clients.NetworkClient - [AdminClient clientId=adminclient-1] Connection to node -1 (localhost/127.0.0.1:9092) could not be established. Node may not be available.
2026-04-20 17:21:12.827 [kafka-admin-client-thread | adminclient-1] WARN  org.apache.kafka.clients.NetworkClient - [AdminClient clientId=adminclient-1] Connection to node -1 (localhost/127.0.0.1:9092) could not be established. Node may not be available.
2026-04-20 17:21:13.835 [kafka-admin-client-thread | adminclient-1] WARN  org.apache.kafka.clients.NetworkClient - [AdminClient clientId=adminclient-1] Connection to node -1 (localhost/127.0.0.1:9092) could not be established. Node may not be available.
2026-04-20 17:21:16.084 [main] INFO  com.yizhaoqi.smartpai.service.ParseServiceTest - Started ParseServiceTest in 179.635 seconds (process running for 231.351)
2026-04-20 17:21:16.100 [main] INFO  com.yizhaoqi.smartpai.config.AdminUserInitializer - 检查管理员账号是否存在: admin
2026-04-20 17:21:16.108 [main] INFO  com.yizhaoqi.smartpai.config.AdminUserInitializer - 开始创建管理员账号: admin
2026-04-20 17:21:16.226 [main] INFO  com.yizhaoqi.smartpai.config.AdminUserInitializer - 管理员账号 'admin' 创建成功
2026-04-20 17:21:16.240 [main] INFO  com.yizhaoqi.smartpai.config.OrgTagInitializer - 检查组织标签是否存在: default
2026-04-20 17:21:16.257 [main] INFO  com.yizhaoqi.smartpai.config.OrgTagInitializer - 创建组织标签: default
2026-04-20 17:21:16.421 [main] INFO  com.yizhaoqi.smartpai.config.OrgTagInitializer - 组织标签 'default' 创建成功
2026-04-20 17:21:16.423 [main] INFO  com.yizhaoqi.smartpai.config.OrgTagInitializer - 检查组织标签是否存在: admin
2026-04-20 17:21:16.425 [main] INFO  com.yizhaoqi.smartpai.config.OrgTagInitializer - 创建组织标签: admin
2026-04-20 17:21:16.431 [main] INFO  com.yizhaoqi.smartpai.config.OrgTagInitializer - 组织标签 'admin' 创建成功
2026-04-20 17:21:16.432 [main] INFO  com.yizhaoqi.smartpai.config.OrgTagInitializer - 组织标签初始化完成
2026-04-20 17:21:16.577 [paismart-sched-2] INFO  com.yizhaoqi.smartpai.service.skill.SkillRegistry - SkillRegistry 全量替换完成，共 10 个 skill
2026-04-20 17:21:16.580 [paismart-sched-2] INFO  com.yizhaoqi.smartpai.service.skill.SkillLoader - SkillLoader reload 完成 scanned=10 added=0 updated=0 skipped=10 disabled=0 errors=0 registry=10
]]></system-out>
  </testcase>
  <testcase name="testSplitLongSentence_LongText" classname="com.yizhaoqi.smartpai.service.ParseServiceTest" time="0.058">
    <system-out><![CDATA[长文本测试 - 原文长度: 740
分块数量: 15
]]></system-out>
  </testcase>
  <testcase name="testSplitLongSentence_VerySmallChunkSize" classname="com.yizhaoqi.smartpai.service.ParseServiceTest" time="0.005"/>
  <testcase name="testSplitLongSentence_MixedLanguage" classname="com.yizhaoqi.smartpai.service.ParseServiceTest" time="0.007">
    <system-out><![CDATA[混合语言测试 - 原文长度: 56
分块数量: 3
分块 0: 这是一个Chinese and English混合
分块 1: 的text文本，用来测试mixed 
分块 2: language处理能力。
]]></system-out>
  </testcase>
  <testcase name="testSplitLongSentence_ShortText" classname="com.yizhaoqi.smartpai.service.ParseServiceTest" time="0.004"/>
  <testcase name="testSplitLongSentence_NormalChineseText" classname="com.yizhaoqi.smartpai.service.ParseServiceTest" time="0.006">
    <system-out><![CDATA[原文长度: 59
分块数量: 2
分块 0 (长度:29): 这是一个测试句子，用来验证HanLP分词功能是否正常工作。
分块 1 (长度:30): 我们需要确保它能够正确地进行语义切割，而不是简单的字符分割。
]]></system-out>
  </testcase>
</testsuite>