<?xml version="1.0" encoding="UTF-8"?>
<testsuite xmlns:xsi="http://www.w3.org/2001/XMLSchema-instance" xsi:noNamespaceSchemaLocation="https://maven.apache.org/surefire/maven-surefire-plugin/xsd/surefire-test-report.xsd" version="3.0.2" name="com.yizhaoqi.smartpai.service.tool.builtin.XhsCookieUpdateToolTest" time="0.023" tests="5" errors="0" skipped="0" failures="0">
  <properties>
[...]
</properties>
  <testcase name="nonAdminAlsoAllowed_godmode" classname="com.yizhaoqi.smartpai.service.tool.builtin.XhsCookieUpdateToolTest" time="0.003"/>
  <testcase name="illegalStatusReturnsError" classname="com.yizhaoqi.smartpai.service.tool.builtin.XhsCookieUpdateToolTest" time="0.002"/>
  <testcase name="missingIdErrors" classname="com.yizhaoqi.smartpai.service.tool.builtin.XhsCookieUpdateToolTest" time="0.004"/>
  <testcase name="notFoundPropagatedAsError" classname="com.yizhaoqi.smartpai.service.tool.builtin.XhsCookieUpdateToolTest" time="0.004"/>
  <testcase name="happyPathReturnsUpdatedRow" classname="com.yizhaoqi.smartpai.service.tool.builtin.XhsCookieUpdateToolTest" time="0.004"/>
</testsuite>